<?xml version="1.0" encoding="UTF-8"?>
<robot generator="Robot 7.0.1 (Python 3.12.4 on win32)" generated="2024-10-22T14:42:10.348305" rpa="false" schemaversion="5">
<suite id="s1" name="Robot Appium" source="C:\Users\Karthikei Ram G U\robot_appium">
<suite id="s1-s1" name="Text Visibility" source="C:\Users\Karthikei Ram G U\robot_appium\Text_Visibility.robot">
<test id="s1-s1-t1" name="Statistics" line="57">
<kw name=" Open Application With Options" owner="keywords" type="SETUP">
<kw name="Create Dictionary" owner="BuiltIn">
<msg time="2024-10-22T14:42:10.605406" level="INFO">&amp;{options} = { deviceName=samsung SM-A356E | app=C:\Users\Karthikei Ram G U\Downloads\app-debug-android.apk | noReset=True | fullReset=False }</msg>
<var>&amp;{options}</var>
<arg>deviceName=${device_name}</arg>
<arg>app=${app_path}</arg>
<arg>noReset=${no_reset}</arg>
<arg>fullReset=${full_reset}</arg>
<doc>Creates and returns a dictionary based on the given ``items``.</doc>
<status status="PASS" start="2024-10-22T14:42:10.604404" elapsed="0.001999"/>
</kw>
<kw name="Open Application" owner="AppiumLibrary">
<arg>${remote_url}</arg>
<arg>platformName=Android</arg>
<arg>automationName=UiAutomator2</arg>
<arg>appium:options=${options}</arg>
<arg>appium:appPackage=${app_package}</arg>
<arg>appium:appActivity=${app_activity}</arg>
<doc>Opens a new application to given Appium server.
Capabilities of appium server, Android and iOS,
Please check https://appium.io/docs/en/2.1/cli/args/
| *Option*            | *Man.* | *Description*     |
| remote_url          | Yes    | Appium server url |
| alias               | no     | alias             |
| strict_ssl          | No     | allows you to send commands to an invalid certificate host like a self-signed one. |</doc>
<status status="PASS" start="2024-10-22T14:42:10.606403" elapsed="7.100229"/>
</kw>
<arg>${REMOTE_URL}</arg>
<arg>${DEVICE_NAME}</arg>
<arg>${APP_PATH}</arg>
<arg>${NO_RESET}</arg>
<arg>${FULL_RESET}</arg>
<arg>${APP_PACKAGE}</arg>
<arg>${APP_ACTIVITY}</arg>
<status status="PASS" start="2024-10-22T14:42:10.603398" elapsed="7.103234"/>
</kw>
<kw name="Run Keyword And Ignore Error" owner="BuiltIn">
<kw name="Page Should Contain Element" owner="AppiumLibrary">
<msg time="2024-10-22T14:42:17.852117" level="INFO">Current page contains element 'accessibility_id=Hello Pilot'.</msg>
<arg>${Hello_pilot}</arg>
<doc>Verifies that current page contains `locator` element.</doc>
<status status="PASS" start="2024-10-22T14:42:17.706632" elapsed="0.145485"/>
</kw>
<msg time="2024-10-22T14:42:17.852117" level="INFO">${result} = PASS</msg>
<msg time="2024-10-22T14:42:17.852117" level="INFO">${error} = None</msg>
<var>${result}</var>
<var>${error}</var>
<arg>Page Should Contain Element</arg>
<arg>${Hello_pilot}</arg>
<doc>Runs the given keyword with the given arguments and ignores possible error.</doc>
<status status="PASS" start="2024-10-22T14:42:17.706632" elapsed="0.145485"/>
</kw>
<kw name="Run Keyword If" owner="BuiltIn">
<kw name="Log To Console" owner="BuiltIn">
<arg>Hello Pilot is present</arg>
<doc>Logs the given message to the console.</doc>
<status status="PASS" start="2024-10-22T14:42:17.854123" elapsed="0.000000"/>
</kw>
<arg>'${result}' == 'PASS'</arg>
<arg>Log to console</arg>
<arg>Hello Pilot is present</arg>
<arg>ELSE</arg>
<arg>Log to console</arg>
<arg>Hello Pilot is not present</arg>
<doc>Runs the given keyword with the given arguments, if ``condition`` is true.</doc>
<status status="PASS" start="2024-10-22T14:42:17.854123" elapsed="0.000000"/>
</kw>
<kw name="Run Keyword And Ignore Error" owner="BuiltIn">
<kw name="Page Should Contain Element" owner="AppiumLibrary">
<msg time="2024-10-22T14:42:18.523641" level="INFO">Current page contains element 'xpath=//*[contains(@content-desc, 'Synced')]'.</msg>
<msg time="2024-10-22T14:42:18.523641" level="INFO">xpath criteria: //*[contains(@content-desc, 'Synced')]</msg>
<arg>${Synced timing}</arg>
<doc>Verifies that current page contains `locator` element.</doc>
<status status="PASS" start="2024-10-22T14:42:17.857729" elapsed="0.665912"/>
</kw>
<msg time="2024-10-22T14:42:18.523641" level="INFO">${result} = PASS</msg>
<msg time="2024-10-22T14:42:18.523641" level="INFO">${error} = None</msg>
<var>${result}</var>
<var>${error}</var>
<arg>Page Should Contain Element</arg>
<arg>${Synced timing}</arg>
<doc>Runs the given keyword with the given arguments and ignores possible error.</doc>
<status status="PASS" start="2024-10-22T14:42:17.854123" elapsed="0.669518"/>
</kw>
<kw name="Run Keyword If" owner="BuiltIn">
<kw name="Log To Console" owner="BuiltIn">
<arg>Synced Timing is present</arg>
<doc>Logs the given message to the console.</doc>
<status status="PASS" start="2024-10-22T14:42:18.523641" elapsed="0.000000"/>
</kw>
<arg>'${result}' == 'PASS'</arg>
<arg>Log to console</arg>
<arg>Synced Timing is present</arg>
<arg>ELSE</arg>
<arg>Log to console</arg>
<arg>Synced Timing is not present</arg>
<doc>Runs the given keyword with the given arguments, if ``condition`` is true.</doc>
<status status="PASS" start="2024-10-22T14:42:18.523641" elapsed="0.000000"/>
</kw>
<kw name="Get Element Attribute" owner="AppiumLibrary">
<msg time="2024-10-22T14:42:18.705666" level="INFO">Element 'xpath=//*[contains(@content-desc, 'km')]' attribute 'content-desc' value '0 km' </msg>
<msg time="2024-10-22T14:42:18.705666" level="INFO">xpath criteria: //*[contains(@content-desc, 'km')]</msg>
<msg time="2024-10-22T14:42:18.705666" level="INFO">${content_desc} = 0 km</msg>
<var>${content_desc}</var>
<arg>${Weekly Kms}</arg>
<arg>content-desc</arg>
<doc>Get element attribute using given attribute: name, value,...</doc>
<status status="PASS" start="2024-10-22T14:42:18.523641" elapsed="0.182025"/>
</kw>
<kw name="Log To Console" owner="BuiltIn">
<arg>This Week kms:: ${content_desc}</arg>
<doc>Logs the given message to the console.</doc>
<status status="PASS" start="2024-10-22T14:42:18.705666" elapsed="0.000000"/>
</kw>
<kw name="Run Keyword And Ignore Error" owner="BuiltIn">
<kw name="Page Should Contain Element" owner="AppiumLibrary">
<msg time="2024-10-22T14:42:18.806399" level="INFO">Current page contains element 'accessibility_id=THIS WEEK'.</msg>
<arg>${This week}</arg>
<doc>Verifies that current page contains `locator` element.</doc>
<status status="PASS" start="2024-10-22T14:42:18.705666" elapsed="0.100733"/>
</kw>
<msg time="2024-10-22T14:42:18.806399" level="INFO">${result} = PASS</msg>
<msg time="2024-10-22T14:42:18.806399" level="INFO">${error} = None</msg>
<var>${result}</var>
<var>${error}</var>
<arg>Page Should Contain Element</arg>
<arg>${This week}</arg>
<doc>Runs the given keyword with the given arguments and ignores possible error.</doc>
<status status="PASS" start="2024-10-22T14:42:18.705666" elapsed="0.100733"/>
</kw>
<kw name="Run Keyword If" owner="BuiltIn">
<kw name="Log To Console" owner="BuiltIn">
<arg>This Week text is Present</arg>
<doc>Logs the given message to the console.</doc>
<status status="PASS" start="2024-10-22T14:42:18.806399" elapsed="0.000000"/>
</kw>
<arg>'${result}' == 'PASS'</arg>
<arg>Log to console</arg>
<arg>This Week text is Present</arg>
<arg>ELSE</arg>
<arg>Log to console</arg>
<arg>This Week text is not present</arg>
<doc>Runs the given keyword with the given arguments, if ``condition`` is true.</doc>
<status status="PASS" start="2024-10-22T14:42:18.806399" elapsed="0.000000"/>
</kw>
<kw name="Run Keyword And Ignore Error" owner="BuiltIn">
<kw name="Page Should Contain Element" owner="AppiumLibrary">
<msg time="2024-10-22T14:42:18.889353" level="INFO">Current page contains element 'accessibility_id=Statistics'.</msg>
<arg>${Statistics icon text}</arg>
<doc>Verifies that current page contains `locator` element.</doc>
<status status="PASS" start="2024-10-22T14:42:18.806399" elapsed="0.082954"/>
</kw>
<msg time="2024-10-22T14:42:18.889353" level="INFO">${result} = PASS</msg>
<msg time="2024-10-22T14:42:18.889353" level="INFO">${error} = None</msg>
<var>${result}</var>
<var>${error}</var>
<arg>Page Should Contain Element</arg>
<arg>${Statistics icon text}</arg>
<doc>Runs the given keyword with the given arguments and ignores possible error.</doc>
<status status="PASS" start="2024-10-22T14:42:18.806399" elapsed="0.082954"/>
</kw>
<kw name="Run Keyword If" owner="BuiltIn">
<kw name="Log To Console" owner="BuiltIn">
<arg>Statistics icon text is Present</arg>
<doc>Logs the given message to the console.</doc>
<status status="PASS" start="2024-10-22T14:42:18.889353" elapsed="0.000000"/>
</kw>
<arg>'${result}' == 'PASS'</arg>
<arg>Log to console</arg>
<arg>Statistics icon text is Present</arg>
<arg>ELSE</arg>
<arg>Log to console</arg>
<arg>Statistics icon text is not present</arg>
<doc>Runs the given keyword with the given arguments, if ``condition`` is true.</doc>
<status status="PASS" start="2024-10-22T14:42:18.889353" elapsed="0.000000"/>
</kw>
<status status="PASS" start="2024-10-22T14:42:10.602338" elapsed="8.287015"/>
</test>
<status status="PASS" start="2024-10-22T14:42:10.373882" elapsed="8.530482"/>
</suite>
<status status="PASS" start="2024-10-22T14:42:10.353363" elapsed="8.551001"/>
</suite>
<statistics>
<total>
<stat pass="1" fail="0" skip="0">All Tests</stat>
</total>
<tag>
</tag>
<suite>
<stat pass="1" fail="0" skip="0" id="s1" name="Robot Appium">Robot Appium</stat>
<stat pass="1" fail="0" skip="0" id="s1-s1" name="Text Visibility">Robot Appium.Text Visibility</stat>
</suite>
</statistics>
<errors>
</errors>
</robot>
