<?xml version="1.0" encoding="UTF-8"?>
<robot generator="Robot 7.0.1 (Python 3.12.4 on win32)" generated="2024-10-17T12:16:45.371114" rpa="false" schemaversion="5">
<suite id="s1" name="Robot Appium" source="C:\Users\Karthikei Ram G U\robot_appium">
<suite id="s1-s1" name="A Onboard" source="C:\Users\Karthikei Ram G U\robot_appium\a_onboard.robot">
<test id="s1-s1-t1" name="TC-1 Offline Scenario" line="10">
<kw name=" Open Application With Options" owner="keywords" type="SETUP">
<kw name="Create Dictionary" owner="BuiltIn">
<msg time="2024-10-17T12:16:46.234306" level="INFO">&amp;{options} = { deviceName=samsung SM-A356E | app=C:\Users\Karthikei Ram G U\Downloads\app-debug-android.apk | noReset=True | fullReset=False }</msg>
<var>&amp;{options}</var>
<arg>deviceName=${device_name}</arg>
<arg>app=${app_path}</arg>
<arg>noReset=${no_reset}</arg>
<arg>fullReset=${full_reset}</arg>
<doc>Creates and returns a dictionary based on the given ``items``.</doc>
<status status="PASS" start="2024-10-17T12:16:46.233305" elapsed="0.002000"/>
</kw>
<kw name="Open Application" owner="AppiumLibrary">
<msg time="2024-10-17T12:16:48.391133" level="WARN">Retrying (Retry(total=2, connect=None, read=None, redirect=None, status=None)) after connection broken by 'NewConnectionError('&lt;urllib3.connection.HTTPConnection object at 0x000001BF46FEF860&gt;: Failed to establish a new connection: [WinError 10061] No connection could be made because the target machine actively refused it')': /session</msg>
<msg time="2024-10-17T12:16:50.420164" level="WARN">Retrying (Retry(total=1, connect=None, read=None, redirect=None, status=None)) after connection broken by 'NewConnectionError('&lt;urllib3.connection.HTTPConnection object at 0x000001BF470149E0&gt;: Failed to establish a new connection: [WinError 10061] No connection could be made because the target machine actively refused it')': /session</msg>
<msg time="2024-10-17T12:16:52.468160" level="WARN">Retrying (Retry(total=0, connect=None, read=None, redirect=None, status=None)) after connection broken by 'NewConnectionError('&lt;urllib3.connection.HTTPConnection object at 0x000001BF47015220&gt;: Failed to establish a new connection: [WinError 10061] No connection could be made because the target machine actively refused it')': /session</msg>
<kw name="Capture Page Screenshot" owner="AppiumLibrary">
<msg time="2024-10-17T12:16:54.516048" level="FAIL">No application is open</msg>
<doc>Takes a screenshot of the current page and embeds it into the log.</doc>
<status status="FAIL" start="2024-10-17T12:16:54.515045" elapsed="0.503784">No application is open</status>
</kw>
<msg time="2024-10-17T12:16:55.022827" level="WARN">Keyword 'AppiumLibrary.CapturePageScreenshot' could not be run on failure: No application is open</msg>
<msg time="2024-10-17T12:16:55.027306" level="FAIL">MaxRetryError: HTTPConnectionPool(host='127.0.0.1', port=4723): Max retries exceeded with url: /session (Caused by NewConnectionError('&lt;urllib3.connection.HTTPConnection object at 0x000001BF47014800&gt;: Failed to establish a new connection: [WinError 10061] No connection could be made because the target machine actively refused it'))</msg>
<arg>${remote_url}</arg>
<arg>platformName=Android</arg>
<arg>automationName=UiAutomator2</arg>
<arg>appium:options=${options}</arg>
<arg>appium:appPackage=${app_package}</arg>
<arg>appium:appActivity=${app_activity}</arg>
<doc>Opens a new application to given Appium server.
Capabilities of appium server, Android and iOS,
Please check https://appium.io/docs/en/2.1/cli/args/
| *Option*            | *Man.* | *Description*     |
| remote_url          | Yes    | Appium server url |
| alias               | no     | alias             |
| strict_ssl          | No     | allows you to send commands to an invalid certificate host like a self-signed one. |</doc>
<status status="FAIL" start="2024-10-17T12:16:46.235305" elapsed="8.802384">MaxRetryError: HTTPConnectionPool(host='127.0.0.1', port=4723): Max retries exceeded with url: /session (Caused by NewConnectionError('&lt;urllib3.connection.HTTPConnection object at 0x000001BF47014800&gt;: Failed to establish a new connection: [WinError 10061] No connection could be made because the target machine actively refused it'))</status>
</kw>
<arg>${REMOTE_URL}</arg>
<arg>${DEVICE_NAME}</arg>
<arg>${APP_PATH}</arg>
<arg>${NO_RESET}</arg>
<arg>${FULL_RESET}</arg>
<arg>${APP_PACKAGE}</arg>
<arg>${APP_ACTIVITY}</arg>
<status status="FAIL" start="2024-10-17T12:16:46.230304" elapsed="8.807385">MaxRetryError: HTTPConnectionPool(host='127.0.0.1', port=4723): Max retries exceeded with url: /session (Caused by NewConnectionError('&lt;urllib3.connection.HTTPConnection object at 0x000001BF47014800&gt;: Failed to establish a new connection: [WinError 10061] No connection could be made because the target machine actively refused it'))</status>
</kw>
<kw name="Capture Page Screenshot" owner="AppiumLibrary" type="TEARDOWN">
<kw name="Capture Page Screenshot" owner="AppiumLibrary">
<msg time="2024-10-17T12:16:55.041758" level="FAIL">No application is open</msg>
<doc>Takes a screenshot of the current page and embeds it into the log.</doc>
<status status="FAIL" start="2024-10-17T12:16:55.040686" elapsed="0.006211">No application is open</status>
</kw>
<msg time="2024-10-17T12:16:55.051895" level="WARN">Keyword 'AppiumLibrary.CapturePageScreenshot' could not be run on failure: No application is open</msg>
<msg time="2024-10-17T12:16:55.056892" level="FAIL">No application is open</msg>
<doc>Takes a screenshot of the current page and embeds it into the log.</doc>
<status status="FAIL" start="2024-10-17T12:16:55.039677" elapsed="0.024547">No application is open</status>
</kw>
<status status="FAIL" start="2024-10-17T12:16:46.229310" elapsed="8.835914">Setup failed:
MaxRetryError: HTTPConnectionPool(host='127.0.0.1', port=4723): Max retries exceeded with url: /session (Caused by NewConnectionError('&lt;urllib3.connection.HTTPConnection object at 0x000001BF47014800&gt;: Failed to establish a new connection: [WinError 10061] No connection could be made because the target machine actively refused it'))

Also teardown failed:
No application is open</status>
</test>
<test id="s1-s1-t2" name="TC-2 Open Application &amp; Login" line="19">
<kw name=" Open Application With Options" owner="keywords" type="SETUP">
<kw name="Create Dictionary" owner="BuiltIn">
<msg time="2024-10-17T12:16:55.080611" level="INFO">&amp;{options} = { deviceName=samsung SM-A356E | app=C:\Users\Karthikei Ram G U\Downloads\app-debug-android.apk | noReset=True | fullReset=False }</msg>
<var>&amp;{options}</var>
<arg>deviceName=${device_name}</arg>
<arg>app=${app_path}</arg>
<arg>noReset=${no_reset}</arg>
<arg>fullReset=${full_reset}</arg>
<doc>Creates and returns a dictionary based on the given ``items``.</doc>
<status status="PASS" start="2024-10-17T12:16:55.079353" elapsed="0.002277"/>
</kw>
<kw name="Open Application" owner="AppiumLibrary">
<msg time="2024-10-17T12:16:57.144423" level="WARN">Retrying (Retry(total=2, connect=None, read=None, redirect=None, status=None)) after connection broken by 'NewConnectionError('&lt;urllib3.connection.HTTPConnection object at 0x000001BF47015640&gt;: Failed to establish a new connection: [WinError 10061] No connection could be made because the target machine actively refused it')': /session</msg>
<msg time="2024-10-17T12:16:59.183040" level="WARN">Retrying (Retry(total=1, connect=None, read=None, redirect=None, status=None)) after connection broken by 'NewConnectionError('&lt;urllib3.connection.HTTPConnection object at 0x000001BF471D4B00&gt;: Failed to establish a new connection: [WinError 10061] No connection could be made because the target machine actively refused it')': /session</msg>
<msg time="2024-10-17T12:17:01.230212" level="WARN">Retrying (Retry(total=0, connect=None, read=None, redirect=None, status=None)) after connection broken by 'NewConnectionError('&lt;urllib3.connection.HTTPConnection object at 0x000001BF471D4980&gt;: Failed to establish a new connection: [WinError 10061] No connection could be made because the target machine actively refused it')': /session</msg>
<kw name="Capture Page Screenshot" owner="AppiumLibrary">
<msg time="2024-10-17T12:17:03.264385" level="FAIL">No application is open</msg>
<doc>Takes a screenshot of the current page and embeds it into the log.</doc>
<status status="FAIL" start="2024-10-17T12:17:03.263380" elapsed="0.008441">No application is open</status>
</kw>
<msg time="2024-10-17T12:17:03.277100" level="WARN">Keyword 'AppiumLibrary.CapturePageScreenshot' could not be run on failure: No application is open</msg>
<msg time="2024-10-17T12:17:03.280099" level="FAIL">MaxRetryError: HTTPConnectionPool(host='127.0.0.1', port=4723): Max retries exceeded with url: /session (Caused by NewConnectionError('&lt;urllib3.connection.HTTPConnection object at 0x000001BF467BB620&gt;: Failed to establish a new connection: [WinError 10061] No connection could be made because the target machine actively refused it'))</msg>
<arg>${remote_url}</arg>
<arg>platformName=Android</arg>
<arg>automationName=UiAutomator2</arg>
<arg>appium:options=${options}</arg>
<arg>appium:appPackage=${app_package}</arg>
<arg>appium:appActivity=${app_activity}</arg>
<doc>Opens a new application to given Appium server.
Capabilities of appium server, Android and iOS,
Please check https://appium.io/docs/en/2.1/cli/args/
| *Option*            | *Man.* | *Description*     |
| remote_url          | Yes    | Appium server url |
| alias               | no     | alias             |
| strict_ssl          | No     | allows you to send commands to an invalid certificate host like a self-signed one. |</doc>
<status status="FAIL" start="2024-10-17T12:16:55.081630" elapsed="8.204438">MaxRetryError: HTTPConnectionPool(host='127.0.0.1', port=4723): Max retries exceeded with url: /session (Caused by NewConnectionError('&lt;urllib3.connection.HTTPConnection object at 0x000001BF467BB620&gt;: Failed to establish a new connection: [WinError 10061] No connection could be made because the target machine actively refused it'))</status>
</kw>
<arg>${REMOTE_URL}</arg>
<arg>${DEVICE_NAME}</arg>
<arg>${APP_PATH}</arg>
<arg>${NO_RESET}</arg>
<arg>${FULL_RESET}</arg>
<arg>${APP_PACKAGE}</arg>
<arg>${APP_ACTIVITY}</arg>
<status status="FAIL" start="2024-10-17T12:16:55.075836" elapsed="8.210232">MaxRetryError: HTTPConnectionPool(host='127.0.0.1', port=4723): Max retries exceeded with url: /session (Caused by NewConnectionError('&lt;urllib3.connection.HTTPConnection object at 0x000001BF467BB620&gt;: Failed to establish a new connection: [WinError 10061] No connection could be made because the target machine actively refused it'))</status>
</kw>
<kw name="Close Application" owner="AppiumLibrary" type="TEARDOWN">
<kw name="Capture Page Screenshot" owner="AppiumLibrary">
<msg time="2024-10-17T12:17:03.289640" level="FAIL">No application is open</msg>
<doc>Takes a screenshot of the current page and embeds it into the log.</doc>
<status status="FAIL" start="2024-10-17T12:17:03.288621" elapsed="0.003518">No application is open</status>
</kw>
<msg time="2024-10-17T12:17:03.296152" level="WARN">Keyword 'AppiumLibrary.CapturePageScreenshot' could not be run on failure: No application is open</msg>
<msg time="2024-10-17T12:17:03.298148" level="FAIL">No application is open</msg>
<doc>Closes the current application and also close webdriver session.</doc>
<status status="FAIL" start="2024-10-17T12:17:03.287332" elapsed="0.011971">No application is open</status>
</kw>
<status status="FAIL" start="2024-10-17T12:16:55.071363" elapsed="8.228953">Setup failed:
MaxRetryError: HTTPConnectionPool(host='127.0.0.1', port=4723): Max retries exceeded with url: /session (Caused by NewConnectionError('&lt;urllib3.connection.HTTPConnection object at 0x000001BF467BB620&gt;: Failed to establish a new connection: [WinError 10061] No connection could be made because the target machine actively refused it'))

Also teardown failed:
No application is open</status>
</test>
<status status="FAIL" start="2024-10-17T12:16:45.441571" elapsed="17.862745"/>
</suite>
<suite id="s1-s2" name="Controls" source="C:\Users\Karthikei Ram G U\robot_appium\controls.robot">
<test id="s1-s2-t1" name="Opening Controls" line="6">
<kw name=" Open Application With Options" owner="keywords">
<kw name="Create Dictionary" owner="BuiltIn">
<msg time="2024-10-17T12:17:03.327835" level="INFO">&amp;{options} = { deviceName=samsung SM-A356E | app=C:\Users\Karthikei Ram G U\Downloads\app-debug-android.apk | noReset=True | fullReset=False }</msg>
<var>&amp;{options}</var>
<arg>deviceName=${device_name}</arg>
<arg>app=${app_path}</arg>
<arg>noReset=${no_reset}</arg>
<arg>fullReset=${full_reset}</arg>
<doc>Creates and returns a dictionary based on the given ``items``.</doc>
<status status="PASS" start="2024-10-17T12:17:03.327835" elapsed="0.000000"/>
</kw>
<kw name="Open Application" owner="AppiumLibrary">
<msg time="2024-10-17T12:17:05.379566" level="WARN">Retrying (Retry(total=2, connect=None, read=None, redirect=None, status=None)) after connection broken by 'NewConnectionError('&lt;urllib3.connection.HTTPConnection object at 0x000001BF471D7B90&gt;: Failed to establish a new connection: [WinError 10061] No connection could be made because the target machine actively refused it')': /session</msg>
<msg time="2024-10-17T12:17:07.415612" level="WARN">Retrying (Retry(total=1, connect=None, read=None, redirect=None, status=None)) after connection broken by 'NewConnectionError('&lt;urllib3.connection.HTTPConnection object at 0x000001BF471D7F20&gt;: Failed to establish a new connection: [WinError 10061] No connection could be made because the target machine actively refused it')': /session</msg>
<msg time="2024-10-17T12:17:09.463317" level="WARN">Retrying (Retry(total=0, connect=None, read=None, redirect=None, status=None)) after connection broken by 'NewConnectionError('&lt;urllib3.connection.HTTPConnection object at 0x000001BF471D7D70&gt;: Failed to establish a new connection: [WinError 10061] No connection could be made because the target machine actively refused it')': /session</msg>
<kw name="Capture Page Screenshot" owner="AppiumLibrary">
<msg time="2024-10-17T12:17:11.518117" level="FAIL">No application is open</msg>
<doc>Takes a screenshot of the current page and embeds it into the log.</doc>
<status status="FAIL" start="2024-10-17T12:17:11.517113" elapsed="0.011984">No application is open</status>
</kw>
<msg time="2024-10-17T12:17:11.534118" level="WARN">Keyword 'AppiumLibrary.CapturePageScreenshot' could not be run on failure: No application is open</msg>
<msg time="2024-10-17T12:17:11.538026" level="FAIL">MaxRetryError: HTTPConnectionPool(host='127.0.0.1', port=4723): Max retries exceeded with url: /session (Caused by NewConnectionError('&lt;urllib3.connection.HTTPConnection object at 0x000001BF471F0470&gt;: Failed to establish a new connection: [WinError 10061] No connection could be made because the target machine actively refused it'))</msg>
<arg>${remote_url}</arg>
<arg>platformName=Android</arg>
<arg>automationName=UiAutomator2</arg>
<arg>appium:options=${options}</arg>
<arg>appium:appPackage=${app_package}</arg>
<arg>appium:appActivity=${app_activity}</arg>
<doc>Opens a new application to given Appium server.
Capabilities of appium server, Android and iOS,
Please check https://appium.io/docs/en/2.1/cli/args/
| *Option*            | *Man.* | *Description*     |
| remote_url          | Yes    | Appium server url |
| alias               | no     | alias             |
| strict_ssl          | No     | allows you to send commands to an invalid certificate host like a self-signed one. |</doc>
<status status="FAIL" start="2024-10-17T12:17:03.328834" elapsed="8.219485">MaxRetryError: HTTPConnectionPool(host='127.0.0.1', port=4723): Max retries exceeded with url: /session (Caused by NewConnectionError('&lt;urllib3.connection.HTTPConnection object at 0x000001BF471F0470&gt;: Failed to establish a new connection: [WinError 10061] No connection could be made because the target machine actively refused it'))</status>
</kw>
<arg>${REMOTE_URL}</arg>
<arg>${DEVICE_NAME}</arg>
<arg>${APP_PATH}</arg>
<arg>${NO_RESET}</arg>
<arg>${FULL_RESET}</arg>
<arg>${APP_PACKAGE}</arg>
<arg>${APP_ACTIVITY}</arg>
<status status="FAIL" start="2024-10-17T12:17:03.325819" elapsed="8.223831">MaxRetryError: HTTPConnectionPool(host='127.0.0.1', port=4723): Max retries exceeded with url: /session (Caused by NewConnectionError('&lt;urllib3.connection.HTTPConnection object at 0x000001BF471F0470&gt;: Failed to establish a new connection: [WinError 10061] No connection could be made because the target machine actively refused it'))</status>
</kw>
<kw name="Sleep" owner="BuiltIn">
<arg>3</arg>
<doc>Pauses the test executed for the given time.</doc>
<status status="NOT RUN" start="2024-10-17T12:17:11.550681" elapsed="0.000000"/>
</kw>
<kw name="Log To Console" owner="BuiltIn">
<arg>Swiping left on the home screen to enter controls</arg>
<doc>Logs the given message to the console.</doc>
<status status="NOT RUN" start="2024-10-17T12:17:11.551685" elapsed="0.001005"/>
</kw>
<kw name="Swipe" owner="AppiumLibrary">
<arg>1015</arg>
<arg>1220</arg>
<arg>100</arg>
<arg>1220</arg>
<doc>Swipe from one point to another point, for an optional duration.</doc>
<status status="NOT RUN" start="2024-10-17T12:17:11.553683" elapsed="0.000986"/>
</kw>
<kw name="Sleep" owner="BuiltIn">
<arg>2</arg>
<doc>Pauses the test executed for the given time.</doc>
<status status="NOT RUN" start="2024-10-17T12:17:11.555670" elapsed="0.001001"/>
</kw>
<kw name="Log To Console" owner="BuiltIn">
<arg>Swiping up to open CONTROLS Section</arg>
<doc>Logs the given message to the console.</doc>
<status status="NOT RUN" start="2024-10-17T12:17:11.557670" elapsed="0.000000"/>
</kw>
<kw name="Swipe" owner="AppiumLibrary">
<arg>321</arg>
<arg>2070</arg>
<arg>321</arg>
<arg>328</arg>
<doc>Swipe from one point to another point, for an optional duration.</doc>
<status status="NOT RUN" start="2024-10-17T12:17:11.559674" elapsed="0.000000"/>
</kw>
<kw name="Sleep" owner="BuiltIn">
<arg>2</arg>
<doc>Pauses the test executed for the given time.</doc>
<status status="NOT RUN" start="2024-10-17T12:17:11.560677" elapsed="0.000000"/>
</kw>
<kw name="Log To Console" owner="BuiltIn">
<arg>Changing HILL HOLD</arg>
<doc>Logs the given message to the console.</doc>
<status status="NOT RUN" start="2024-10-17T12:17:11.561686" elapsed="0.001070"/>
</kw>
<kw name="Click Element" owner="AppiumLibrary">
<arg>${Hill_hold}</arg>
<doc>Click element identified by `locator`.</doc>
<status status="NOT RUN" start="2024-10-17T12:17:11.563671" elapsed="0.000000"/>
</kw>
<kw name="Sleep" owner="BuiltIn">
<arg>3</arg>
<doc>Pauses the test executed for the given time.</doc>
<status status="NOT RUN" start="2024-10-17T12:17:11.565678" elapsed="0.000000"/>
</kw>
<kw name="Log To Console" owner="BuiltIn">
<arg>Changing ABS</arg>
<doc>Logs the given message to the console.</doc>
<status status="NOT RUN" start="2024-10-17T12:17:11.566771" elapsed="0.001006"/>
</kw>
<kw name="Click Element" owner="AppiumLibrary">
<arg>${ABS}</arg>
<doc>Click element identified by `locator`.</doc>
<status status="NOT RUN" start="2024-10-17T12:17:11.568679" elapsed="0.001084"/>
</kw>
<kw name="Sleep" owner="BuiltIn">
<arg>3</arg>
<doc>Pauses the test executed for the given time.</doc>
<status status="NOT RUN" start="2024-10-17T12:17:11.570127" elapsed="0.001043"/>
</kw>
<kw name="Log To Console" owner="BuiltIn">
<arg>Changing TC</arg>
<doc>Logs the given message to the console.</doc>
<status status="NOT RUN" start="2024-10-17T12:17:11.572747" elapsed="0.000480"/>
</kw>
<kw name="Click Element" owner="AppiumLibrary">
<arg>${TC}</arg>
<doc>Click element identified by `locator`.</doc>
<status status="NOT RUN" start="2024-10-17T12:17:11.573227" elapsed="0.000000"/>
</kw>
<kw name="Sleep" owner="BuiltIn">
<arg>3</arg>
<doc>Pauses the test executed for the given time.</doc>
<status status="NOT RUN" start="2024-10-17T12:17:11.573227" elapsed="0.000000"/>
</kw>
<kw name="Log To Console" owner="BuiltIn">
<arg>Switching to Engery Console</arg>
<doc>Logs the given message to the console.</doc>
<status status="NOT RUN" start="2024-10-17T12:17:11.578087" elapsed="0.001524"/>
</kw>
<kw name="Click Element" owner="AppiumLibrary">
<arg>${Energy}</arg>
<doc>Click element identified by `locator`.</doc>
<status status="NOT RUN" start="2024-10-17T12:17:11.579611" elapsed="0.000000"/>
</kw>
<kw name="Sleep" owner="BuiltIn">
<arg>3</arg>
<doc>Pauses the test executed for the given time.</doc>
<status status="NOT RUN" start="2024-10-17T12:17:11.579611" elapsed="0.000000"/>
</kw>
<kw name="Click Element" owner="AppiumLibrary">
<arg>${Charge_History}</arg>
<doc>Click element identified by `locator`.</doc>
<status status="NOT RUN" start="2024-10-17T12:17:11.579611" elapsed="0.000000"/>
</kw>
<kw name="Sleep" owner="BuiltIn">
<arg>3</arg>
<doc>Pauses the test executed for the given time.</doc>
<status status="NOT RUN" start="2024-10-17T12:17:11.583809" elapsed="0.000924"/>
</kw>
<kw name="Go Back" owner="AppiumLibrary">
<doc>Goes one step backward in the browser history.</doc>
<status status="NOT RUN" start="2024-10-17T12:17:11.585448" elapsed="0.000000"/>
</kw>
<kw name="Sleep" owner="BuiltIn">
<arg>3</arg>
<doc>Pauses the test executed for the given time.</doc>
<status status="NOT RUN" start="2024-10-17T12:17:11.585448" elapsed="0.000000"/>
</kw>
<kw name="Wait Until Element Is Visible" owner="AppiumLibrary">
<arg>xpath=(//android.view.View)[5]</arg>
<arg>timeout=10s</arg>
<doc>Waits until element specified with `locator` is visible.</doc>
<status status="NOT RUN" start="2024-10-17T12:17:11.585448" elapsed="0.000000"/>
</kw>
<kw name="Get Element Attribute" owner="AppiumLibrary">
<var>${Last_charged}</var>
<arg>xpath=(//android.view.View)[5]</arg>
<arg>content-desc</arg>
<doc>Get element attribute using given attribute: name, value,...</doc>
<status status="NOT RUN" start="2024-10-17T12:17:11.589822" elapsed="0.000000"/>
</kw>
<kw name="Log To Console" owner="BuiltIn">
<arg>The last charged date is: ${Last_charged}</arg>
<doc>Logs the given message to the console.</doc>
<status status="NOT RUN" start="2024-10-17T12:17:11.589822" elapsed="0.000000"/>
</kw>
<kw name="Log To Console" owner="BuiltIn">
<arg>Resetting Trip</arg>
<doc>Logs the given message to the console.</doc>
<status status="NOT RUN" start="2024-10-17T12:17:11.589822" elapsed="0.000000"/>
</kw>
<kw name="Click Element" owner="AppiumLibrary">
<arg>${Trips}</arg>
<doc>Click element identified by `locator`.</doc>
<status status="NOT RUN" start="2024-10-17T12:17:11.589822" elapsed="0.000000"/>
</kw>
<kw name="Sleep" owner="BuiltIn">
<arg>2</arg>
<doc>Pauses the test executed for the given time.</doc>
<status status="NOT RUN" start="2024-10-17T12:17:11.589822" elapsed="0.008830"/>
</kw>
<kw name="Get Element Attribute" owner="AppiumLibrary">
<var>${Odometer}</var>
<arg>${ODO}</arg>
<arg>content-desc</arg>
<doc>Get element attribute using given attribute: name, value,...</doc>
<status status="NOT RUN" start="2024-10-17T12:17:11.599850" elapsed="0.000000"/>
</kw>
<kw name="Log To Console" owner="BuiltIn">
<arg>The Odometer reading is: ${Odometer}</arg>
<doc>Logs the given message to the console.</doc>
<status status="NOT RUN" start="2024-10-17T12:17:11.599850" elapsed="0.000000"/>
</kw>
<kw name="Click Element" owner="AppiumLibrary">
<arg>${Trip_reset}</arg>
<doc>Click element identified by `locator`.</doc>
<status status="NOT RUN" start="2024-10-17T12:17:11.599850" elapsed="0.000000"/>
</kw>
<kw name="Sleep" owner="BuiltIn">
<arg>2</arg>
<doc>Pauses the test executed for the given time.</doc>
<status status="NOT RUN" start="2024-10-17T12:17:11.604368" elapsed="0.000000"/>
</kw>
<kw name="Click Element" owner="AppiumLibrary">
<arg>${Confirm_reset}</arg>
<doc>Click element identified by `locator`.</doc>
<status status="NOT RUN" start="2024-10-17T12:17:11.606491" elapsed="0.001417"/>
</kw>
<kw name="Sleep" owner="BuiltIn">
<arg>2</arg>
<doc>Pauses the test executed for the given time.</doc>
<status status="NOT RUN" start="2024-10-17T12:17:11.611548" elapsed="0.000000"/>
</kw>
<kw name="Log To Console" owner="BuiltIn">
<arg>Switching to Console</arg>
<doc>Logs the given message to the console.</doc>
<status status="NOT RUN" start="2024-10-17T12:17:11.612443" elapsed="0.000000"/>
</kw>
<kw name="Click Element" owner="AppiumLibrary">
<arg>${Console}</arg>
<doc>Click element identified by `locator`.</doc>
<status status="NOT RUN" start="2024-10-17T12:17:11.614836" elapsed="0.000000"/>
</kw>
<kw name="Log To Console" owner="BuiltIn">
<arg>Current theme &amp; mode are</arg>
<doc>Logs the given message to the console.</doc>
<status status="NOT RUN" start="2024-10-17T12:17:11.616703" elapsed="0.000000"/>
</kw>
<kw name="Get Element Attribute" owner="AppiumLibrary">
<var>${Current_Theme}</var>
<arg>${Theme}</arg>
<arg>content-desc</arg>
<doc>Get element attribute using given attribute: name, value,...</doc>
<status status="NOT RUN" start="2024-10-17T12:17:11.616703" elapsed="0.000000"/>
</kw>
<kw name="Get Element Attribute" owner="AppiumLibrary">
<var>${Current_Mode}</var>
<arg>${Mode}</arg>
<arg>content-desc</arg>
<doc>Get element attribute using given attribute: name, value,...</doc>
<status status="NOT RUN" start="2024-10-17T12:17:11.616703" elapsed="0.000000"/>
</kw>
<kw name="Log To Console" owner="BuiltIn">
<arg>${Current_Mode}</arg>
<doc>Logs the given message to the console.</doc>
<status status="NOT RUN" start="2024-10-17T12:17:11.616703" elapsed="0.005421"/>
</kw>
<kw name="Log To Console" owner="BuiltIn">
<arg>${Current_Theme}</arg>
<doc>Logs the given message to the console.</doc>
<status status="NOT RUN" start="2024-10-17T12:17:11.623184" elapsed="0.000000"/>
</kw>
<kw name="Sleep" owner="BuiltIn">
<arg>2</arg>
<doc>Pauses the test executed for the given time.</doc>
<status status="NOT RUN" start="2024-10-17T12:17:11.623184" elapsed="0.003138"/>
</kw>
<kw name="Click Element" owner="AppiumLibrary">
<arg>${Theme}</arg>
<doc>Click element identified by `locator`.</doc>
<status status="NOT RUN" start="2024-10-17T12:17:11.626322" elapsed="0.000000"/>
</kw>
<kw name="Sleep" owner="BuiltIn">
<arg>2</arg>
<doc>Pauses the test executed for the given time.</doc>
<status status="NOT RUN" start="2024-10-17T12:17:11.626322" elapsed="0.000000"/>
</kw>
<kw name="Click Element" owner="AppiumLibrary">
<arg>${Mode}</arg>
<doc>Click element identified by `locator`.</doc>
<status status="NOT RUN" start="2024-10-17T12:17:11.626322" elapsed="0.000000"/>
</kw>
<kw name="Sleep" owner="BuiltIn">
<arg>5</arg>
<doc>Pauses the test executed for the given time.</doc>
<status status="NOT RUN" start="2024-10-17T12:17:11.626322" elapsed="0.000000"/>
</kw>
<kw name="Log To Console" owner="BuiltIn">
<arg>Changed theme &amp; mode are</arg>
<doc>Logs the given message to the console.</doc>
<status status="NOT RUN" start="2024-10-17T12:17:11.626322" elapsed="0.000000"/>
</kw>
<kw name="Get Element Attribute" owner="AppiumLibrary">
<var>${Current_Theme}</var>
<arg>${Theme}</arg>
<arg>content-desc</arg>
<doc>Get element attribute using given attribute: name, value,...</doc>
<status status="NOT RUN" start="2024-10-17T12:17:11.626322" elapsed="0.000000"/>
</kw>
<kw name="Get Element Attribute" owner="AppiumLibrary">
<var>${Current_Mode}</var>
<arg>${Mode}</arg>
<arg>content-desc</arg>
<doc>Get element attribute using given attribute: name, value,...</doc>
<status status="NOT RUN" start="2024-10-17T12:17:11.626322" elapsed="0.000000"/>
</kw>
<kw name="Log To Console" owner="BuiltIn">
<arg>${Current_Mode}</arg>
<doc>Logs the given message to the console.</doc>
<status status="NOT RUN" start="2024-10-17T12:17:11.626322" elapsed="0.000000"/>
</kw>
<kw name="Log To Console" owner="BuiltIn">
<arg>${Current_Theme}</arg>
<doc>Logs the given message to the console.</doc>
<status status="NOT RUN" start="2024-10-17T12:17:11.626322" elapsed="0.000000"/>
</kw>
<kw name="Log To Console" owner="BuiltIn">
<arg>Current bluetooth state</arg>
<doc>Logs the given message to the console.</doc>
<status status="NOT RUN" start="2024-10-17T12:17:11.637841" elapsed="0.001962"/>
</kw>
<kw name="Get Element Attribute" owner="AppiumLibrary">
<var>${Current_Bluetooth}</var>
<arg>${Bluetooth}</arg>
<arg>content-desc</arg>
<doc>Get element attribute using given attribute: name, value,...</doc>
<status status="NOT RUN" start="2024-10-17T12:17:11.639803" elapsed="0.000000"/>
</kw>
<kw name="Click Element" owner="AppiumLibrary">
<arg>${Bluetooth}</arg>
<doc>Click element identified by `locator`.</doc>
<status status="NOT RUN" start="2024-10-17T12:17:11.639803" elapsed="0.000000"/>
</kw>
<kw name="Log To Console" owner="BuiltIn">
<arg>Current Bluetooth State is ${Current_Bluetooth}</arg>
<doc>Logs the given message to the console.</doc>
<status status="NOT RUN" start="2024-10-17T12:17:11.639803" elapsed="0.006652"/>
</kw>
<kw name="Sleep" owner="BuiltIn">
<arg>2</arg>
<doc>Pauses the test executed for the given time.</doc>
<status status="NOT RUN" start="2024-10-17T12:17:11.646455" elapsed="0.000000"/>
</kw>
<kw name="Go Back" owner="AppiumLibrary">
<doc>Goes one step backward in the browser history.</doc>
<status status="NOT RUN" start="2024-10-17T12:17:11.646455" elapsed="0.000000"/>
</kw>
<status status="FAIL" start="2024-10-17T12:17:03.324715" elapsed="8.321740">MaxRetryError: HTTPConnectionPool(host='127.0.0.1', port=4723): Max retries exceeded with url: /session (Caused by NewConnectionError('&lt;urllib3.connection.HTTPConnection object at 0x000001BF471F0470&gt;: Failed to establish a new connection: [WinError 10061] No connection could be made because the target machine actively refused it'))</status>
</test>
<status status="FAIL" start="2024-10-17T12:17:03.310710" elapsed="8.346463"/>
</suite>
<suite id="s1-s3" name="Diagnostic" source="C:\Users\Karthikei Ram G U\robot_appium\diagnostic.robot">
<test id="s1-s3-t1" name="Open Diagnostics" line="6">
<kw name=" Open Application With Options" owner="keywords">
<kw name="Create Dictionary" owner="BuiltIn">
<msg time="2024-10-17T12:17:11.678317" level="INFO">&amp;{options} = { deviceName=samsung SM-A356E | app=C:\Users\Karthikei Ram G U\Downloads\app-debug-android.apk | noReset=True | fullReset=False }</msg>
<var>&amp;{options}</var>
<arg>deviceName=${device_name}</arg>
<arg>app=${app_path}</arg>
<arg>noReset=${no_reset}</arg>
<arg>fullReset=${full_reset}</arg>
<doc>Creates and returns a dictionary based on the given ``items``.</doc>
<status status="PASS" start="2024-10-17T12:17:11.678317" elapsed="0.000000"/>
</kw>
<kw name="Open Application" owner="AppiumLibrary">
<msg time="2024-10-17T12:17:13.729357" level="WARN">Retrying (Retry(total=2, connect=None, read=None, redirect=None, status=None)) after connection broken by 'NewConnectionError('&lt;urllib3.connection.HTTPConnection object at 0x000001BF471D5640&gt;: Failed to establish a new connection: [WinError 10061] No connection could be made because the target machine actively refused it')': /session</msg>
<msg time="2024-10-17T12:17:15.762868" level="WARN">Retrying (Retry(total=1, connect=None, read=None, redirect=None, status=None)) after connection broken by 'NewConnectionError('&lt;urllib3.connection.HTTPConnection object at 0x000001BF47016EA0&gt;: Failed to establish a new connection: [WinError 10061] No connection could be made because the target machine actively refused it')': /session</msg>
<msg time="2024-10-17T12:17:17.791591" level="WARN">Retrying (Retry(total=0, connect=None, read=None, redirect=None, status=None)) after connection broken by 'NewConnectionError('&lt;urllib3.connection.HTTPConnection object at 0x000001BF470168D0&gt;: Failed to establish a new connection: [WinError 10061] No connection could be made because the target machine actively refused it')': /session</msg>
<kw name="Capture Page Screenshot" owner="AppiumLibrary">
<msg time="2024-10-17T12:17:19.826626" level="FAIL">No application is open</msg>
<doc>Takes a screenshot of the current page and embeds it into the log.</doc>
<status status="FAIL" start="2024-10-17T12:17:19.826626" elapsed="0.008931">No application is open</status>
</kw>
<msg time="2024-10-17T12:17:19.841540" level="WARN">Keyword 'AppiumLibrary.CapturePageScreenshot' could not be run on failure: No application is open</msg>
<msg time="2024-10-17T12:17:19.845542" level="FAIL">MaxRetryError: HTTPConnectionPool(host='127.0.0.1', port=4723): Max retries exceeded with url: /session (Caused by NewConnectionError('&lt;urllib3.connection.HTTPConnection object at 0x000001BF46F6AA20&gt;: Failed to establish a new connection: [WinError 10061] No connection could be made because the target machine actively refused it'))</msg>
<arg>${remote_url}</arg>
<arg>platformName=Android</arg>
<arg>automationName=UiAutomator2</arg>
<arg>appium:options=${options}</arg>
<arg>appium:appPackage=${app_package}</arg>
<arg>appium:appActivity=${app_activity}</arg>
<doc>Opens a new application to given Appium server.
Capabilities of appium server, Android and iOS,
Please check https://appium.io/docs/en/2.1/cli/args/
| *Option*            | *Man.* | *Description*     |
| remote_url          | Yes    | Appium server url |
| alias               | no     | alias             |
| strict_ssl          | No     | allows you to send commands to an invalid certificate host like a self-signed one. |</doc>
<status status="FAIL" start="2024-10-17T12:17:11.679633" elapsed="8.171906">MaxRetryError: HTTPConnectionPool(host='127.0.0.1', port=4723): Max retries exceeded with url: /session (Caused by NewConnectionError('&lt;urllib3.connection.HTTPConnection object at 0x000001BF46F6AA20&gt;: Failed to establish a new connection: [WinError 10061] No connection could be made because the target machine actively refused it'))</status>
</kw>
<arg>${REMOTE_URL}</arg>
<arg>${DEVICE_NAME}</arg>
<arg>${APP_PATH}</arg>
<arg>${NO_RESET}</arg>
<arg>${FULL_RESET}</arg>
<arg>${APP_PACKAGE}</arg>
<arg>${APP_ACTIVITY}</arg>
<status status="FAIL" start="2024-10-17T12:17:11.676280" elapsed="8.176263">MaxRetryError: HTTPConnectionPool(host='127.0.0.1', port=4723): Max retries exceeded with url: /session (Caused by NewConnectionError('&lt;urllib3.connection.HTTPConnection object at 0x000001BF46F6AA20&gt;: Failed to establish a new connection: [WinError 10061] No connection could be made because the target machine actively refused it'))</status>
</kw>
<kw name="Sleep" owner="BuiltIn">
<arg>1</arg>
<doc>Pauses the test executed for the given time.</doc>
<status status="NOT RUN" start="2024-10-17T12:17:19.853546" elapsed="0.000000"/>
</kw>
<kw name="Log To Console" owner="BuiltIn">
<arg>Swiping left on the home screen to enter Diagnostics</arg>
<doc>Logs the given message to the console.</doc>
<status status="NOT RUN" start="2024-10-17T12:17:19.854543" elapsed="0.000000"/>
</kw>
<for flavor="IN">
<iter>
<kw name="Swipe" owner="AppiumLibrary">
<arg>1015</arg>
<arg>1220</arg>
<arg>100</arg>
<arg>1220</arg>
<doc>Swipe from one point to another point, for an optional duration.</doc>
<status status="NOT RUN" start="2024-10-17T12:17:19.856542" elapsed="0.000000"/>
</kw>
<kw name="Sleep" owner="BuiltIn">
<arg>2</arg>
<doc>Pauses the test executed for the given time.</doc>
<status status="NOT RUN" start="2024-10-17T12:17:19.857539" elapsed="0.000000"/>
</kw>
<var name="${Index}"/>
<status status="NOT RUN" start="2024-10-17T12:17:19.855540" elapsed="0.001999"/>
</iter>
<var>${Index}</var>
<value>@{List_1}</value>
<status status="NOT RUN" start="2024-10-17T12:17:19.855540" elapsed="0.001999"/>
</for>
<kw name="Log To Console" owner="BuiltIn">
<arg>Swiping up to open DIAGNOSTICS Section</arg>
<doc>Logs the given message to the console.</doc>
<status status="NOT RUN" start="2024-10-17T12:17:19.858540" elapsed="0.000000"/>
</kw>
<kw name="Swipe" owner="AppiumLibrary">
<arg>321</arg>
<arg>2070</arg>
<arg>321</arg>
<arg>328</arg>
<doc>Swipe from one point to another point, for an optional duration.</doc>
<status status="NOT RUN" start="2024-10-17T12:17:19.859542" elapsed="0.000000"/>
</kw>
<kw name="Sleep" owner="BuiltIn">
<arg>3</arg>
<doc>Pauses the test executed for the given time.</doc>
<status status="NOT RUN" start="2024-10-17T12:17:19.860565" elapsed="0.000990"/>
</kw>
<kw name="Log To Console" owner="BuiltIn">
<arg>Opening TPMS Section</arg>
<doc>Logs the given message to the console.</doc>
<status status="NOT RUN" start="2024-10-17T12:17:19.861555" elapsed="0.001005"/>
</kw>
<kw name="Click Element" owner="AppiumLibrary">
<arg>${TPMS}</arg>
<doc>Click element identified by `locator`.</doc>
<status status="NOT RUN" start="2024-10-17T12:17:19.862560" elapsed="0.000992"/>
</kw>
<kw name="Sleep" owner="BuiltIn">
<arg>1</arg>
<doc>Pauses the test executed for the given time.</doc>
<status status="NOT RUN" start="2024-10-17T12:17:19.864555" elapsed="0.000000"/>
</kw>
<kw name="Wait Until Element Is Visible" owner="AppiumLibrary">
<arg>xpath=//android.view.View[contains(@content-desc, 'PSI')][1]</arg>
<arg>timeout=10s</arg>
<doc>Waits until element specified with `locator` is visible.</doc>
<status status="NOT RUN" start="2024-10-17T12:17:19.865556" elapsed="0.000000"/>
</kw>
<kw name="Get Element Attribute" owner="AppiumLibrary">
<var>${Front_psi}</var>
<arg>xpath=//android.view.View[contains(@content-desc, 'PSI')][1]</arg>
<arg>content-desc</arg>
<doc>Get element attribute using given attribute: name, value,...</doc>
<status status="NOT RUN" start="2024-10-17T12:17:19.866538" elapsed="0.000000"/>
</kw>
<kw name="Log To Console" owner="BuiltIn">
<arg>The front tyre pressure is: ${Front_psi}</arg>
<doc>Logs the given message to the console.</doc>
<status status="NOT RUN" start="2024-10-17T12:17:19.867563" elapsed="0.000000"/>
</kw>
<kw name="Evaluate" owner="BuiltIn">
<var>${Front_psi_value}</var>
<arg>int(''.join(filter(str.isdigit, '${Front_psi}')))</arg>
<doc>Evaluates the given expression in Python and returns the result.</doc>
<status status="NOT RUN" start="2024-10-17T12:17:19.868569" elapsed="0.000000"/>
</kw>
<kw name="Evaluate" owner="BuiltIn">
<var>${Front_Psi_range}</var>
<arg>'low' if ${Front_psi_value} &lt; 25 else 'ideal' if 26 &lt;= ${Front_psi_value} &lt;= 35 else 'high'</arg>
<doc>Evaluates the given expression in Python and returns the result.</doc>
<status status="NOT RUN" start="2024-10-17T12:17:19.869548" elapsed="0.000000"/>
</kw>
<kw name="Log To Console" owner="BuiltIn">
<arg>The PSI value is categorized as: ${Front_Psi_range}</arg>
<doc>Logs the given message to the console.</doc>
<status status="NOT RUN" start="2024-10-17T12:17:19.870555" elapsed="0.000000"/>
</kw>
<kw name="Wait Until Element Is Visible" owner="AppiumLibrary">
<arg>xpath=//android.view.View[contains(@content-desc, 'PSI')][2]</arg>
<arg>timeout=10s</arg>
<doc>Waits until element specified with `locator` is visible.</doc>
<status status="NOT RUN" start="2024-10-17T12:17:19.872538" elapsed="0.000000"/>
</kw>
<kw name="Get Element Attribute" owner="AppiumLibrary">
<var>${Rear_psi}</var>
<arg>xpath=//android.view.View[contains(@content-desc, 'PSI')][2]</arg>
<arg>content-desc</arg>
<doc>Get element attribute using given attribute: name, value,...</doc>
<status status="NOT RUN" start="2024-10-17T12:17:19.873540" elapsed="0.000000"/>
</kw>
<kw name="Log To Console" owner="BuiltIn">
<arg>The rear tyre pressure is: ${Rear_psi}</arg>
<doc>Logs the given message to the console.</doc>
<status status="NOT RUN" start="2024-10-17T12:17:19.874537" elapsed="0.000000"/>
</kw>
<kw name="Evaluate" owner="BuiltIn">
<var>${Rear_psi_value}</var>
<arg>int(''.join(filter(str.isdigit, '${Rear_psi}')))</arg>
<doc>Evaluates the given expression in Python and returns the result.</doc>
<status status="NOT RUN" start="2024-10-17T12:17:19.874537" elapsed="0.001002"/>
</kw>
<kw name="Evaluate" owner="BuiltIn">
<var>${Rear_Psi_range}</var>
<arg>'low' if ${Rear_psi_value} &lt; 25 else 'ideal' if 26 &lt;= ${Rear_psi_value} &lt;= 35 else 'high'</arg>
<doc>Evaluates the given expression in Python and returns the result.</doc>
<status status="NOT RUN" start="2024-10-17T12:17:19.875539" elapsed="0.000000"/>
</kw>
<kw name="Log To Console" owner="BuiltIn">
<arg>The PSI value is categorized as: ${Rear_Psi_range}</arg>
<doc>Logs the given message to the console.</doc>
<status status="NOT RUN" start="2024-10-17T12:17:19.876539" elapsed="0.000000"/>
</kw>
<kw name="Sleep" owner="BuiltIn">
<arg>2</arg>
<doc>Pauses the test executed for the given time.</doc>
<status status="NOT RUN" start="2024-10-17T12:17:19.876539" elapsed="0.000000"/>
</kw>
<kw name="Go Back" owner="AppiumLibrary">
<doc>Goes one step backward in the browser history.</doc>
<status status="NOT RUN" start="2024-10-17T12:17:19.877537" elapsed="0.000000"/>
</kw>
<kw name="Log To Console" owner="BuiltIn">
<arg>Opening Battery Section</arg>
<doc>Logs the given message to the console.</doc>
<status status="NOT RUN" start="2024-10-17T12:17:19.878537" elapsed="0.000000"/>
</kw>
<kw name="Click Element" owner="AppiumLibrary">
<arg>${BATTERY}</arg>
<doc>Click element identified by `locator`.</doc>
<status status="NOT RUN" start="2024-10-17T12:17:19.879565" elapsed="0.000000"/>
</kw>
<kw name="Sleep" owner="BuiltIn">
<arg>3</arg>
<doc>Pauses the test executed for the given time.</doc>
<status status="NOT RUN" start="2024-10-17T12:17:19.880545" elapsed="0.000000"/>
</kw>
<kw name="Log To Console" owner="BuiltIn">
<arg>Opening Charge History</arg>
<doc>Logs the given message to the console.</doc>
<status status="NOT RUN" start="2024-10-17T12:17:19.880545" elapsed="0.000995"/>
</kw>
<kw name="Click Element" owner="AppiumLibrary">
<arg>${CHARGE_HISTORY}</arg>
<doc>Click element identified by `locator`.</doc>
<status status="NOT RUN" start="2024-10-17T12:17:19.881540" elapsed="0.001003"/>
</kw>
<kw name="Sleep" owner="BuiltIn">
<arg>3</arg>
<doc>Pauses the test executed for the given time.</doc>
<status status="NOT RUN" start="2024-10-17T12:17:19.882543" elapsed="0.000999"/>
</kw>
<for flavor="IN">
<iter>
<kw name="Go Back" owner="AppiumLibrary">
<doc>Goes one step backward in the browser history.</doc>
<status status="NOT RUN" start="2024-10-17T12:17:19.884540" elapsed="0.000000"/>
</kw>
<var name="${INDEX}"/>
<status status="NOT RUN" start="2024-10-17T12:17:19.884540" elapsed="0.000000"/>
</iter>
<var>${INDEX}</var>
<value>@{List_1}</value>
<status status="NOT RUN" start="2024-10-17T12:17:19.883542" elapsed="0.000998"/>
</for>
<kw name="Go Back" owner="AppiumLibrary">
<doc>Goes one step backward in the browser history.</doc>
<status status="NOT RUN" start="2024-10-17T12:17:19.885540" elapsed="0.000000"/>
</kw>
<status status="FAIL" start="2024-10-17T12:17:11.675568" elapsed="8.210972">MaxRetryError: HTTPConnectionPool(host='127.0.0.1', port=4723): Max retries exceeded with url: /session (Caused by NewConnectionError('&lt;urllib3.connection.HTTPConnection object at 0x000001BF46F6AA20&gt;: Failed to establish a new connection: [WinError 10061] No connection could be made because the target machine actively refused it'))</status>
</test>
<status status="FAIL" start="2024-10-17T12:17:11.657173" elapsed="8.232408"/>
</suite>
<suite id="s1-s4" name="Navigate" source="C:\Users\Karthikei Ram G U\robot_appium\navigate.robot">
<test id="s1-s4-t1" name="Opening Navigate" line="7">
<kw name=" Open Application With Options" owner="keywords">
<kw name="Create Dictionary" owner="BuiltIn">
<msg time="2024-10-17T12:17:19.902601" level="INFO">&amp;{options} = { deviceName=samsung SM-A356E | app=C:\Users\Karthikei Ram G U\Downloads\app-debug-android.apk | noReset=True | fullReset=False }</msg>
<var>&amp;{options}</var>
<arg>deviceName=${device_name}</arg>
<arg>app=${app_path}</arg>
<arg>noReset=${no_reset}</arg>
<arg>fullReset=${full_reset}</arg>
<doc>Creates and returns a dictionary based on the given ``items``.</doc>
<status status="PASS" start="2024-10-17T12:17:19.902601" elapsed="0.001101"/>
</kw>
<kw name="Open Application" owner="AppiumLibrary">
<msg time="2024-10-17T12:17:21.956998" level="WARN">Retrying (Retry(total=2, connect=None, read=None, redirect=None, status=None)) after connection broken by 'NewConnectionError('&lt;urllib3.connection.HTTPConnection object at 0x000001BF471FC710&gt;: Failed to establish a new connection: [WinError 10061] No connection could be made because the target machine actively refused it')': /session</msg>
<msg time="2024-10-17T12:17:24.012995" level="WARN">Retrying (Retry(total=1, connect=None, read=None, redirect=None, status=None)) after connection broken by 'NewConnectionError('&lt;urllib3.connection.HTTPConnection object at 0x000001BF471FC470&gt;: Failed to establish a new connection: [WinError 10061] No connection could be made because the target machine actively refused it')': /session</msg>
<msg time="2024-10-17T12:17:26.054377" level="WARN">Retrying (Retry(total=0, connect=None, read=None, redirect=None, status=None)) after connection broken by 'NewConnectionError('&lt;urllib3.connection.HTTPConnection object at 0x000001BF471FFB60&gt;: Failed to establish a new connection: [WinError 10061] No connection could be made because the target machine actively refused it')': /session</msg>
<kw name="Capture Page Screenshot" owner="AppiumLibrary">
<msg time="2024-10-17T12:17:28.102744" level="FAIL">No application is open</msg>
<doc>Takes a screenshot of the current page and embeds it into the log.</doc>
<status status="FAIL" start="2024-10-17T12:17:28.101658" elapsed="0.006004">No application is open</status>
</kw>
<msg time="2024-10-17T12:17:28.109652" level="WARN">Keyword 'AppiumLibrary.CapturePageScreenshot' could not be run on failure: No application is open</msg>
<msg time="2024-10-17T12:17:28.112659" level="FAIL">MaxRetryError: HTTPConnectionPool(host='127.0.0.1', port=4723): Max retries exceeded with url: /session (Caused by NewConnectionError('&lt;urllib3.connection.HTTPConnection object at 0x000001BF471FFF20&gt;: Failed to establish a new connection: [WinError 10061] No connection could be made because the target machine actively refused it'))</msg>
<arg>${remote_url}</arg>
<arg>platformName=Android</arg>
<arg>automationName=UiAutomator2</arg>
<arg>appium:options=${options}</arg>
<arg>appium:appPackage=${app_package}</arg>
<arg>appium:appActivity=${app_activity}</arg>
<doc>Opens a new application to given Appium server.
Capabilities of appium server, Android and iOS,
Please check https://appium.io/docs/en/2.1/cli/args/
| *Option*            | *Man.* | *Description*     |
| remote_url          | Yes    | Appium server url |
| alias               | no     | alias             |
| strict_ssl          | No     | allows you to send commands to an invalid certificate host like a self-signed one. |</doc>
<status status="FAIL" start="2024-10-17T12:17:19.903702" elapsed="8.212041">MaxRetryError: HTTPConnectionPool(host='127.0.0.1', port=4723): Max retries exceeded with url: /session (Caused by NewConnectionError('&lt;urllib3.connection.HTTPConnection object at 0x000001BF471FFF20&gt;: Failed to establish a new connection: [WinError 10061] No connection could be made because the target machine actively refused it'))</status>
</kw>
<arg>${REMOTE_URL}</arg>
<arg>${DEVICE_NAME}</arg>
<arg>${APP_PATH}</arg>
<arg>${NO_RESET}</arg>
<arg>${FULL_RESET}</arg>
<arg>${APP_PACKAGE}</arg>
<arg>${APP_ACTIVITY}</arg>
<status status="FAIL" start="2024-10-17T12:17:19.901604" elapsed="8.215090">MaxRetryError: HTTPConnectionPool(host='127.0.0.1', port=4723): Max retries exceeded with url: /session (Caused by NewConnectionError('&lt;urllib3.connection.HTTPConnection object at 0x000001BF471FFF20&gt;: Failed to establish a new connection: [WinError 10061] No connection could be made because the target machine actively refused it'))</status>
</kw>
<kw name="Sleep" owner="BuiltIn">
<arg>3</arg>
<doc>Pauses the test executed for the given time.</doc>
<status status="NOT RUN" start="2024-10-17T12:17:28.117665" elapsed="0.000000"/>
</kw>
<kw name="Log To Console" owner="BuiltIn">
<arg>Swiping right to Enter NAVIGATE Section</arg>
<doc>Logs the given message to the console.</doc>
<status status="NOT RUN" start="2024-10-17T12:17:28.118665" elapsed="0.000000"/>
</kw>
<for flavor="IN">
<iter>
<kw name="Swipe" owner="AppiumLibrary">
<arg>329</arg>
<arg>1714</arg>
<arg>1050</arg>
<arg>1714</arg>
<doc>Swipe from one point to another point, for an optional duration.</doc>
<status status="NOT RUN" start="2024-10-17T12:17:28.119662" elapsed="0.000000"/>
</kw>
<var name="${Index}"/>
<status status="NOT RUN" start="2024-10-17T12:17:28.119662" elapsed="0.000000"/>
</iter>
<var>${Index}</var>
<value>@{List_2}</value>
<status status="NOT RUN" start="2024-10-17T12:17:28.119662" elapsed="0.000000"/>
</for>
<kw name="Sleep" owner="BuiltIn">
<arg>3</arg>
<doc>Pauses the test executed for the given time.</doc>
<status status="NOT RUN" start="2024-10-17T12:17:28.120661" elapsed="0.000000"/>
</kw>
<kw name="Log To Console" owner="BuiltIn">
<arg>Swiping up to open NAVIGATE Section</arg>
<doc>Logs the given message to the console.</doc>
<status status="NOT RUN" start="2024-10-17T12:17:28.121665" elapsed="0.000000"/>
</kw>
<kw name="Swipe" owner="AppiumLibrary">
<arg>775</arg>
<arg>2079</arg>
<arg>775</arg>
<arg>312</arg>
<doc>Swipe from one point to another point, for an optional duration.</doc>
<status status="NOT RUN" start="2024-10-17T12:17:28.122668" elapsed="0.000000"/>
</kw>
<kw name="Sleep" owner="BuiltIn">
<arg>3</arg>
<doc>Pauses the test executed for the given time.</doc>
<status status="NOT RUN" start="2024-10-17T12:17:28.123685" elapsed="0.000000"/>
</kw>
<kw name="Go Back" owner="AppiumLibrary">
<doc>Goes one step backward in the browser history.</doc>
<status status="NOT RUN" start="2024-10-17T12:17:28.123685" elapsed="0.001542"/>
</kw>
<status status="FAIL" start="2024-10-17T12:17:19.899603" elapsed="8.226632">MaxRetryError: HTTPConnectionPool(host='127.0.0.1', port=4723): Max retries exceeded with url: /session (Caused by NewConnectionError('&lt;urllib3.connection.HTTPConnection object at 0x000001BF471FFF20&gt;: Failed to establish a new connection: [WinError 10061] No connection could be made because the target machine actively refused it'))</status>
</test>
<status status="FAIL" start="2024-10-17T12:17:19.891599" elapsed="8.236638"/>
</suite>
<suite id="s1-s5" name="Settings" source="C:\Users\Karthikei Ram G U\robot_appium\Settings.robot">
<test id="s1-s5-t1" name="Open Settings" line="9">
<kw name=" Open Application With Options" owner="keywords">
<kw name="Create Dictionary" owner="BuiltIn">
<msg time="2024-10-17T12:17:28.152567" level="INFO">&amp;{options} = { deviceName=samsung SM-A356E | app=C:\Users\Karthikei Ram G U\Downloads\app-debug-android.apk | noReset=True | fullReset=False }</msg>
<var>&amp;{options}</var>
<arg>deviceName=${device_name}</arg>
<arg>app=${app_path}</arg>
<arg>noReset=${no_reset}</arg>
<arg>fullReset=${full_reset}</arg>
<doc>Creates and returns a dictionary based on the given ``items``.</doc>
<status status="PASS" start="2024-10-17T12:17:28.151583" elapsed="0.000984"/>
</kw>
<kw name="Open Application" owner="AppiumLibrary">
<msg time="2024-10-17T12:17:30.185590" level="WARN">Retrying (Retry(total=2, connect=None, read=None, redirect=None, status=None)) after connection broken by 'NewConnectionError('&lt;urllib3.connection.HTTPConnection object at 0x000001BF4722AF90&gt;: Failed to establish a new connection: [WinError 10061] No connection could be made because the target machine actively refused it')': /session</msg>
<msg time="2024-10-17T12:17:32.216013" level="WARN">Retrying (Retry(total=1, connect=None, read=None, redirect=None, status=None)) after connection broken by 'NewConnectionError('&lt;urllib3.connection.HTTPConnection object at 0x000001BF470168A0&gt;: Failed to establish a new connection: [WinError 10061] No connection could be made because the target machine actively refused it')': /session</msg>
<msg time="2024-10-17T12:17:34.270668" level="WARN">Retrying (Retry(total=0, connect=None, read=None, redirect=None, status=None)) after connection broken by 'NewConnectionError('&lt;urllib3.connection.HTTPConnection object at 0x000001BF471F1A00&gt;: Failed to establish a new connection: [WinError 10061] No connection could be made because the target machine actively refused it')': /session</msg>
<kw name="Capture Page Screenshot" owner="AppiumLibrary">
<msg time="2024-10-17T12:17:36.296307" level="FAIL">No application is open</msg>
<doc>Takes a screenshot of the current page and embeds it into the log.</doc>
<status status="FAIL" start="2024-10-17T12:17:36.296307" elapsed="0.008385">No application is open</status>
</kw>
<msg time="2024-10-17T12:17:36.308698" level="WARN">Keyword 'AppiumLibrary.CapturePageScreenshot' could not be run on failure: No application is open</msg>
<msg time="2024-10-17T12:17:36.312684" level="FAIL">MaxRetryError: HTTPConnectionPool(host='127.0.0.1', port=4723): Max retries exceeded with url: /session (Caused by NewConnectionError('&lt;urllib3.connection.HTTPConnection object at 0x000001BF471D5940&gt;: Failed to establish a new connection: [WinError 10061] No connection could be made because the target machine actively refused it'))</msg>
<arg>${remote_url}</arg>
<arg>platformName=Android</arg>
<arg>automationName=UiAutomator2</arg>
<arg>appium:options=${options}</arg>
<arg>appium:appPackage=${app_package}</arg>
<arg>appium:appActivity=${app_activity}</arg>
<doc>Opens a new application to given Appium server.
Capabilities of appium server, Android and iOS,
Please check https://appium.io/docs/en/2.1/cli/args/
| *Option*            | *Man.* | *Description*     |
| remote_url          | Yes    | Appium server url |
| alias               | no     | alias             |
| strict_ssl          | No     | allows you to send commands to an invalid certificate host like a self-signed one. |</doc>
<status status="FAIL" start="2024-10-17T12:17:28.153583" elapsed="8.165105">MaxRetryError: HTTPConnectionPool(host='127.0.0.1', port=4723): Max retries exceeded with url: /session (Caused by NewConnectionError('&lt;urllib3.connection.HTTPConnection object at 0x000001BF471D5940&gt;: Failed to establish a new connection: [WinError 10061] No connection could be made because the target machine actively refused it'))</status>
</kw>
<arg>${REMOTE_URL}</arg>
<arg>${DEVICE_NAME}</arg>
<arg>${APP_PATH}</arg>
<arg>${NO_RESET}</arg>
<arg>${FULL_RESET}</arg>
<arg>${APP_PACKAGE}</arg>
<arg>${APP_ACTIVITY}</arg>
<status status="FAIL" start="2024-10-17T12:17:28.150566" elapsed="8.169119">MaxRetryError: HTTPConnectionPool(host='127.0.0.1', port=4723): Max retries exceeded with url: /session (Caused by NewConnectionError('&lt;urllib3.connection.HTTPConnection object at 0x000001BF471D5940&gt;: Failed to establish a new connection: [WinError 10061] No connection could be made because the target machine actively refused it'))</status>
</kw>
<kw name="Wait Until Page Contains Element" owner="AppiumLibrary">
<arg>${Hello_pilot}</arg>
<arg>timeout=20s</arg>
<doc>Waits until element specified with `locator` appears on current page.</doc>
<status status="NOT RUN" start="2024-10-17T12:17:36.320688" elapsed="0.000000"/>
</kw>
<kw name="Click Element" owner="AppiumLibrary">
<arg>${SETTINGS}</arg>
<doc>Click element identified by `locator`.</doc>
<status status="NOT RUN" start="2024-10-17T12:17:36.321702" elapsed="0.001000"/>
</kw>
<kw name="Sleep" owner="BuiltIn">
<arg>5</arg>
<doc>Pauses the test executed for the given time.</doc>
<status status="NOT RUN" start="2024-10-17T12:17:36.322702" elapsed="0.000998"/>
</kw>
<kw name="Log To Console" owner="BuiltIn">
<arg>Opening Profile</arg>
<doc>Logs the given message to the console.</doc>
<status status="NOT RUN" start="2024-10-17T12:17:36.324707" elapsed="0.000000"/>
</kw>
<kw name="Click Element" owner="AppiumLibrary">
<arg>${Profile}</arg>
<doc>Click element identified by `locator`.</doc>
<status status="NOT RUN" start="2024-10-17T12:17:36.325710" elapsed="0.001307"/>
</kw>
<kw name="Sleep" owner="BuiltIn">
<arg>5</arg>
<doc>Pauses the test executed for the given time.</doc>
<status status="NOT RUN" start="2024-10-17T12:17:36.327017" elapsed="0.001016"/>
</kw>
<kw name="Log To Console" owner="BuiltIn">
<arg>Navigating Back</arg>
<doc>Logs the given message to the console.</doc>
<status status="NOT RUN" start="2024-10-17T12:17:36.329048" elapsed="0.000000"/>
</kw>
<kw name="Click Element" owner="AppiumLibrary">
<arg>${Back}</arg>
<doc>Click element identified by `locator`.</doc>
<status status="NOT RUN" start="2024-10-17T12:17:36.329048" elapsed="0.000998"/>
</kw>
<kw name="Sleep" owner="BuiltIn">
<arg>5</arg>
<doc>Pauses the test executed for the given time.</doc>
<status status="NOT RUN" start="2024-10-17T12:17:36.331035" elapsed="0.000000"/>
</kw>
<kw name="Log To Console" owner="BuiltIn">
<arg>Opening Documents</arg>
<doc>Logs the given message to the console.</doc>
<status status="NOT RUN" start="2024-10-17T12:17:36.332047" elapsed="0.000000"/>
</kw>
<kw name="Click Element" owner="AppiumLibrary">
<arg>${Documents}</arg>
<doc>Click element identified by `locator`.</doc>
<status status="NOT RUN" start="2024-10-17T12:17:36.333032" elapsed="0.000000"/>
</kw>
<kw name="Sleep" owner="BuiltIn">
<arg>5</arg>
<doc>Pauses the test executed for the given time.</doc>
<status status="NOT RUN" start="2024-10-17T12:17:36.334074" elapsed="0.000000"/>
</kw>
<kw name="Log To Console" owner="BuiltIn">
<arg>Swiping right on documents</arg>
<doc>Logs the given message to the console.</doc>
<status status="NOT RUN" start="2024-10-17T12:17:36.335041" elapsed="0.000000"/>
</kw>
<kw name="Swipe" owner="AppiumLibrary">
<arg>926</arg>
<arg>1260</arg>
<arg>138</arg>
<arg>1260</arg>
<doc>Swipe from one point to another point, for an optional duration.</doc>
<status status="NOT RUN" start="2024-10-17T12:17:36.335041" elapsed="0.001428"/>
</kw>
<kw name="Log To Console" owner="BuiltIn">
<arg>Checking Documents</arg>
<doc>Logs the given message to the console.</doc>
<status status="NOT RUN" start="2024-10-17T12:17:36.337489" elapsed="0.000000"/>
</kw>
<for flavor="IN">
<iter>
<kw name="Sleep" owner="BuiltIn">
<arg>3</arg>
<doc>Pauses the test executed for the given time.</doc>
<status status="NOT RUN" start="2024-10-17T12:17:36.338486" elapsed="0.000997"/>
</kw>
<kw name="Swipe" owner="AppiumLibrary">
<arg>926</arg>
<arg>1260</arg>
<arg>138</arg>
<arg>1260</arg>
<doc>Swipe from one point to another point, for an optional duration.</doc>
<status status="NOT RUN" start="2024-10-17T12:17:36.339483" elapsed="0.000000"/>
</kw>
<var name="${Index}"/>
<status status="NOT RUN" start="2024-10-17T12:17:36.338486" elapsed="0.001996"/>
</iter>
<var>${Index}</var>
<value>@{List_1}</value>
<status status="NOT RUN" start="2024-10-17T12:17:36.338486" elapsed="0.001996"/>
</for>
<kw name="Log To Console" owner="BuiltIn">
<arg>Navigating Back</arg>
<doc>Logs the given message to the console.</doc>
<status status="NOT RUN" start="2024-10-17T12:17:36.341485" elapsed="0.000000"/>
</kw>
<kw name="Click Element" owner="AppiumLibrary">
<arg>${Back_button}</arg>
<doc>Click element identified by `locator`.</doc>
<status status="NOT RUN" start="2024-10-17T12:17:36.341485" elapsed="0.001007"/>
</kw>
<kw name="Log To Console" owner="BuiltIn">
<arg>Opening Violette</arg>
<doc>Logs the given message to the console.</doc>
<status status="NOT RUN" start="2024-10-17T12:17:36.342492" elapsed="0.001000"/>
</kw>
<kw name="Click Element" owner="AppiumLibrary">
<arg>${Violette}</arg>
<doc>Click element identified by `locator`.</doc>
<status status="NOT RUN" start="2024-10-17T12:17:36.343492" elapsed="0.000000"/>
</kw>
<kw name="Sleep" owner="BuiltIn">
<arg>2</arg>
<doc>Pauses the test executed for the given time.</doc>
<status status="NOT RUN" start="2024-10-17T12:17:36.344491" elapsed="0.000000"/>
</kw>
<kw name="Log To Console" owner="BuiltIn">
<arg>Clicking on Crash Alert</arg>
<doc>Logs the given message to the console.</doc>
<status status="NOT RUN" start="2024-10-17T12:17:36.345493" elapsed="0.000000"/>
</kw>
<kw name="Click Element" owner="AppiumLibrary">
<arg>${Crash_alert}</arg>
<doc>Click element identified by `locator`.</doc>
<status status="NOT RUN" start="2024-10-17T12:17:36.346491" elapsed="0.000000"/>
</kw>
<kw name="Log To Console" owner="BuiltIn">
<arg>If permission is asked, allowing the permission</arg>
<doc>Logs the given message to the console.</doc>
<status status="NOT RUN" start="2024-10-17T12:17:36.347490" elapsed="0.000000"/>
</kw>
<kw name="Run Keyword And Return Status" owner="BuiltIn">
<var>${STATUS}</var>
<arg>Wait Until Element Is Visible</arg>
<arg>${Crash_alert_permission}</arg>
<doc>Runs the given keyword with given arguments and returns the status as a Boolean value.</doc>
<status status="NOT RUN" start="2024-10-17T12:17:36.348491" elapsed="0.000000"/>
</kw>
<if>
<branch type="IF" condition="${STATUS} == True">
<kw name="Log To Console" owner="BuiltIn">
<arg>Allowing Permission as permission was asked.</arg>
<doc>Logs the given message to the console.</doc>
<status status="NOT RUN" start="2024-10-17T12:17:36.349498" elapsed="0.000000"/>
</kw>
<kw name="Click Element" owner="AppiumLibrary">
<arg>${Crash_alert_permission}</arg>
<doc>Click element identified by `locator`.</doc>
<status status="NOT RUN" start="2024-10-17T12:17:36.349498" elapsed="0.000000"/>
</kw>
<status status="NOT RUN" start="2024-10-17T12:17:36.348491" elapsed="0.002006"/>
</branch>
<branch type="ELSE">
<kw name="Log To Console" owner="BuiltIn">
<arg>No permission asked</arg>
<doc>Logs the given message to the console.</doc>
<status status="NOT RUN" start="2024-10-17T12:17:36.350497" elapsed="0.000000"/>
</kw>
<status status="NOT RUN" start="2024-10-17T12:17:36.350497" elapsed="0.000000"/>
</branch>
<status status="NOT RUN" start="2024-10-17T12:17:36.348491" elapsed="0.002006"/>
</if>
<kw name="Sleep" owner="BuiltIn">
<arg>2</arg>
<doc>Pauses the test executed for the given time.</doc>
<status status="NOT RUN" start="2024-10-17T12:17:36.351485" elapsed="0.000000"/>
</kw>
<kw name="Log To Console" owner="BuiltIn">
<arg>Navigating back from crash alert Screen</arg>
<doc>Logs the given message to the console.</doc>
<status status="NOT RUN" start="2024-10-17T12:17:36.351485" elapsed="0.002188"/>
</kw>
<kw name="Click Element" owner="AppiumLibrary">
<arg>${Back_button}</arg>
<doc>Click element identified by `locator`.</doc>
<status status="NOT RUN" start="2024-10-17T12:17:36.354673" elapsed="0.000000"/>
</kw>
<kw name="Sleep" owner="BuiltIn">
<arg>3</arg>
<doc>Pauses the test executed for the given time.</doc>
<status status="NOT RUN" start="2024-10-17T12:17:36.355672" elapsed="0.000000"/>
</kw>
<kw name="Click Element" owner="AppiumLibrary">
<arg>${Back_button}</arg>
<doc>Click element identified by `locator`.</doc>
<status status="NOT RUN" start="2024-10-17T12:17:36.356897" elapsed="0.001022"/>
</kw>
<kw name="Go Back" owner="AppiumLibrary">
<doc>Goes one step backward in the browser history.</doc>
<status status="NOT RUN" start="2024-10-17T12:17:36.357919" elapsed="0.000999"/>
</kw>
<status status="FAIL" start="2024-10-17T12:17:28.149567" elapsed="8.210844">MaxRetryError: HTTPConnectionPool(host='127.0.0.1', port=4723): Max retries exceeded with url: /session (Caused by NewConnectionError('&lt;urllib3.connection.HTTPConnection object at 0x000001BF471D5940&gt;: Failed to establish a new connection: [WinError 10061] No connection could be made because the target machine actively refused it'))</status>
</test>
<status status="FAIL" start="2024-10-17T12:17:28.130238" elapsed="8.236187"/>
</suite>
<suite id="s1-s6" name="Statistics" source="C:\Users\Karthikei Ram G U\robot_appium\statistics.robot">
<test id="s1-s6-t1" name="Open Statistics" line="7">
<kw name=" Open Application With Options" owner="keywords">
<kw name="Create Dictionary" owner="BuiltIn">
<msg time="2024-10-17T12:17:36.396356" level="INFO">&amp;{options} = { deviceName=samsung SM-A356E | app=C:\Users\Karthikei Ram G U\Downloads\app-debug-android.apk | noReset=True | fullReset=False }</msg>
<var>&amp;{options}</var>
<arg>deviceName=${device_name}</arg>
<arg>app=${app_path}</arg>
<arg>noReset=${no_reset}</arg>
<arg>fullReset=${full_reset}</arg>
<doc>Creates and returns a dictionary based on the given ``items``.</doc>
<status status="PASS" start="2024-10-17T12:17:36.395356" elapsed="0.001997"/>
</kw>
<kw name="Open Application" owner="AppiumLibrary">
<msg time="2024-10-17T12:17:38.427740" level="WARN">Retrying (Retry(total=2, connect=None, read=None, redirect=None, status=None)) after connection broken by 'NewConnectionError('&lt;urllib3.connection.HTTPConnection object at 0x000001BF471FFE60&gt;: Failed to establish a new connection: [WinError 10061] No connection could be made because the target machine actively refused it')': /session</msg>
<msg time="2024-10-17T12:17:40.447863" level="WARN">Retrying (Retry(total=1, connect=None, read=None, redirect=None, status=None)) after connection broken by 'NewConnectionError('&lt;urllib3.connection.HTTPConnection object at 0x000001BF471D5700&gt;: Failed to establish a new connection: [WinError 10061] No connection could be made because the target machine actively refused it')': /session</msg>
<msg time="2024-10-17T12:17:42.461756" level="WARN">Retrying (Retry(total=0, connect=None, read=None, redirect=None, status=None)) after connection broken by 'NewConnectionError('&lt;urllib3.connection.HTTPConnection object at 0x000001BF47244B90&gt;: Failed to establish a new connection: [WinError 10061] No connection could be made because the target machine actively refused it')': /session</msg>
<kw name="Capture Page Screenshot" owner="AppiumLibrary">
<msg time="2024-10-17T12:17:44.524380" level="FAIL">No application is open</msg>
<doc>Takes a screenshot of the current page and embeds it into the log.</doc>
<status status="FAIL" start="2024-10-17T12:17:44.524380" elapsed="0.000000">No application is open</status>
</kw>
<msg time="2024-10-17T12:17:44.524380" level="WARN">Keyword 'AppiumLibrary.CapturePageScreenshot' could not be run on failure: No application is open</msg>
<msg time="2024-10-17T12:17:44.524380" level="FAIL">MaxRetryError: HTTPConnectionPool(host='127.0.0.1', port=4723): Max retries exceeded with url: /session (Caused by NewConnectionError('&lt;urllib3.connection.HTTPConnection object at 0x000001BF47244A70&gt;: Failed to establish a new connection: [WinError 10061] No connection could be made because the target machine actively refused it'))</msg>
<arg>${remote_url}</arg>
<arg>platformName=Android</arg>
<arg>automationName=UiAutomator2</arg>
<arg>appium:options=${options}</arg>
<arg>appium:appPackage=${app_package}</arg>
<arg>appium:appActivity=${app_activity}</arg>
<doc>Opens a new application to given Appium server.
Capabilities of appium server, Android and iOS,
Please check https://appium.io/docs/en/2.1/cli/args/
| *Option*            | *Man.* | *Description*     |
| remote_url          | Yes    | Appium server url |
| alias               | no     | alias             |
| strict_ssl          | No     | allows you to send commands to an invalid certificate host like a self-signed one. |</doc>
<status status="FAIL" start="2024-10-17T12:17:36.397353" elapsed="8.140128">MaxRetryError: HTTPConnectionPool(host='127.0.0.1', port=4723): Max retries exceeded with url: /session (Caused by NewConnectionError('&lt;urllib3.connection.HTTPConnection object at 0x000001BF47244A70&gt;: Failed to establish a new connection: [WinError 10061] No connection could be made because the target machine actively refused it'))</status>
</kw>
<arg>${REMOTE_URL}</arg>
<arg>${DEVICE_NAME}</arg>
<arg>${APP_PATH}</arg>
<arg>${NO_RESET}</arg>
<arg>${FULL_RESET}</arg>
<arg>${APP_PACKAGE}</arg>
<arg>${APP_ACTIVITY}</arg>
<status status="FAIL" start="2024-10-17T12:17:36.394354" elapsed="8.143127">MaxRetryError: HTTPConnectionPool(host='127.0.0.1', port=4723): Max retries exceeded with url: /session (Caused by NewConnectionError('&lt;urllib3.connection.HTTPConnection object at 0x000001BF47244A70&gt;: Failed to establish a new connection: [WinError 10061] No connection could be made because the target machine actively refused it'))</status>
</kw>
<for flavor="IN">
<iter>
<kw name="Swipe" owner="AppiumLibrary">
<arg>329</arg>
<arg>1714</arg>
<arg>1050</arg>
<arg>1714</arg>
<doc>Swipe from one point to another point, for an optional duration.</doc>
<status status="NOT RUN" start="2024-10-17T12:17:44.537481" elapsed="0.000000"/>
</kw>
<var name="${Index}"/>
<status status="NOT RUN" start="2024-10-17T12:17:44.537481" elapsed="0.000000"/>
</iter>
<var>${Index}</var>
<value>@{List_2}</value>
<status status="NOT RUN" start="2024-10-17T12:17:44.537481" elapsed="0.000000"/>
</for>
<kw name="Swipe" owner="AppiumLibrary">
<arg>950</arg>
<arg>2155</arg>
<arg>950</arg>
<arg>500</arg>
<doc>Swipe from one point to another point, for an optional duration.</doc>
<status status="NOT RUN" start="2024-10-17T12:17:44.537481" elapsed="0.000000"/>
</kw>
<kw name="Sleep" owner="BuiltIn">
<arg>5</arg>
<doc>Pauses the test executed for the given time.</doc>
<status status="NOT RUN" start="2024-10-17T12:17:44.537481" elapsed="0.000000"/>
</kw>
<kw name="Swipe" owner="AppiumLibrary">
<arg>270</arg>
<arg>1772</arg>
<arg>922</arg>
<arg>1772</arg>
<doc>Swipe from one point to another point, for an optional duration.</doc>
<status status="NOT RUN" start="2024-10-17T12:17:44.540891" elapsed="0.000000"/>
</kw>
<kw name="Sleep" owner="BuiltIn">
<arg>5</arg>
<doc>Pauses the test executed for the given time.</doc>
<status status="NOT RUN" start="2024-10-17T12:17:44.541442" elapsed="0.000000"/>
</kw>
<kw name="Log" owner="BuiltIn">
<arg>navigating back</arg>
<doc>Logs the given message with the given level.</doc>
<status status="NOT RUN" start="2024-10-17T12:17:44.541442" elapsed="0.000000"/>
</kw>
<kw name="Go Back" owner="AppiumLibrary">
<doc>Goes one step backward in the browser history.</doc>
<status status="NOT RUN" start="2024-10-17T12:17:44.541442" elapsed="0.000000"/>
</kw>
<status status="FAIL" start="2024-10-17T12:17:36.393356" elapsed="8.148086">MaxRetryError: HTTPConnectionPool(host='127.0.0.1', port=4723): Max retries exceeded with url: /session (Caused by NewConnectionError('&lt;urllib3.connection.HTTPConnection object at 0x000001BF47244A70&gt;: Failed to establish a new connection: [WinError 10061] No connection could be made because the target machine actively refused it'))</status>
</test>
<status status="FAIL" start="2024-10-17T12:17:36.369429" elapsed="8.175022"/>
</suite>
<suite id="s1-s7" name="Test" source="C:\Users\Karthikei Ram G U\robot_appium\test.robot">
<test id="s1-s7-t1" name="t1" line="6">
<for flavor="IN">
<iter>
<kw name="Log" owner="BuiltIn">
<msg time="2024-10-17T12:17:44.559508" level="INFO">Hi</msg>
<arg>Hi</arg>
<doc>Logs the given message with the given level.</doc>
<status status="PASS" start="2024-10-17T12:17:44.559508" elapsed="0.000000"/>
</kw>
<var name="${Index}">1</var>
<status status="PASS" start="2024-10-17T12:17:44.559508" elapsed="0.000000"/>
</iter>
<iter>
<kw name="Log" owner="BuiltIn">
<msg time="2024-10-17T12:17:44.559508" level="INFO">Hi</msg>
<arg>Hi</arg>
<doc>Logs the given message with the given level.</doc>
<status status="PASS" start="2024-10-17T12:17:44.559508" elapsed="0.000000"/>
</kw>
<var name="${Index}">2</var>
<status status="PASS" start="2024-10-17T12:17:44.559508" elapsed="0.000000"/>
</iter>
<iter>
<kw name="Log" owner="BuiltIn">
<msg time="2024-10-17T12:17:44.559508" level="INFO">Hi</msg>
<arg>Hi</arg>
<doc>Logs the given message with the given level.</doc>
<status status="PASS" start="2024-10-17T12:17:44.559508" elapsed="0.000000"/>
</kw>
<var name="${Index}">3</var>
<status status="PASS" start="2024-10-17T12:17:44.559508" elapsed="0.000000"/>
</iter>
<iter>
<kw name="Log" owner="BuiltIn">
<msg time="2024-10-17T12:17:44.559508" level="INFO">Hi</msg>
<arg>Hi</arg>
<doc>Logs the given message with the given level.</doc>
<status status="PASS" start="2024-10-17T12:17:44.559508" elapsed="0.007588"/>
</kw>
<var name="${Index}">4</var>
<status status="PASS" start="2024-10-17T12:17:44.559508" elapsed="0.008004"/>
</iter>
<var>${Index}</var>
<value>@{List}</value>
<status status="PASS" start="2024-10-17T12:17:44.559508" elapsed="0.008004"/>
</for>
<kw name="Run Keyword And Return Status" owner="BuiltIn">
<kw name="Fail" owner="BuiltIn">
<msg time="2024-10-17T12:17:44.569632" level="FAIL">AssertionError</msg>
<doc>Fails the test with the given message and optionally alters its tags.</doc>
<status status="FAIL" start="2024-10-17T12:17:44.569632" elapsed="0.001842">AssertionError</status>
</kw>
<arg>fail</arg>
<doc>Runs the given keyword with given arguments and returns the status as a Boolean value.</doc>
<status status="PASS" start="2024-10-17T12:17:44.567512" elapsed="0.003962"/>
</kw>
<status status="PASS" start="2024-10-17T12:17:44.556077" elapsed="0.016667"/>
</test>
<status status="PASS" start="2024-10-17T12:17:44.548397" elapsed="0.024347"/>
</suite>
<status status="FAIL" start="2024-10-17T12:16:45.408572" elapsed="59.166685"/>
</suite>
<statistics>
<total>
<stat pass="1" fail="7" skip="0">All Tests</stat>
</total>
<tag>
</tag>
<suite>
<stat pass="1" fail="7" skip="0" id="s1" name="Robot Appium">Robot Appium</stat>
<stat pass="0" fail="2" skip="0" id="s1-s1" name="A Onboard">Robot Appium.A Onboard</stat>
<stat pass="0" fail="1" skip="0" id="s1-s2" name="Controls">Robot Appium.Controls</stat>
<stat pass="0" fail="1" skip="0" id="s1-s3" name="Diagnostic">Robot Appium.Diagnostic</stat>
<stat pass="0" fail="1" skip="0" id="s1-s4" name="Navigate">Robot Appium.Navigate</stat>
<stat pass="0" fail="1" skip="0" id="s1-s5" name="Settings">Robot Appium.Settings</stat>
<stat pass="0" fail="1" skip="0" id="s1-s6" name="Statistics">Robot Appium.Statistics</stat>
<stat pass="1" fail="0" skip="0" id="s1-s7" name="Test">Robot Appium.Test</stat>
</suite>
</statistics>
<errors>
<msg time="2024-10-17T12:16:46.210306" level="WARN">Imported library 'C:\Users\Karthikei Ram G U\robot_appium\colorcheck.py' contains no keywords.</msg>
<msg time="2024-10-17T12:16:48.391133" level="WARN">Retrying (Retry(total=2, connect=None, read=None, redirect=None, status=None)) after connection broken by 'NewConnectionError('&lt;urllib3.connection.HTTPConnection object at 0x000001BF46FEF860&gt;: Failed to establish a new connection: [WinError 10061] No connection could be made because the target machine actively refused it')': /session</msg>
<msg time="2024-10-17T12:16:50.420164" level="WARN">Retrying (Retry(total=1, connect=None, read=None, redirect=None, status=None)) after connection broken by 'NewConnectionError('&lt;urllib3.connection.HTTPConnection object at 0x000001BF470149E0&gt;: Failed to establish a new connection: [WinError 10061] No connection could be made because the target machine actively refused it')': /session</msg>
<msg time="2024-10-17T12:16:52.468160" level="WARN">Retrying (Retry(total=0, connect=None, read=None, redirect=None, status=None)) after connection broken by 'NewConnectionError('&lt;urllib3.connection.HTTPConnection object at 0x000001BF47015220&gt;: Failed to establish a new connection: [WinError 10061] No connection could be made because the target machine actively refused it')': /session</msg>
<msg time="2024-10-17T12:16:55.022827" level="WARN">Keyword 'AppiumLibrary.CapturePageScreenshot' could not be run on failure: No application is open</msg>
<msg time="2024-10-17T12:16:55.051895" level="WARN">Keyword 'AppiumLibrary.CapturePageScreenshot' could not be run on failure: No application is open</msg>
<msg time="2024-10-17T12:16:57.144423" level="WARN">Retrying (Retry(total=2, connect=None, read=None, redirect=None, status=None)) after connection broken by 'NewConnectionError('&lt;urllib3.connection.HTTPConnection object at 0x000001BF47015640&gt;: Failed to establish a new connection: [WinError 10061] No connection could be made because the target machine actively refused it')': /session</msg>
<msg time="2024-10-17T12:16:59.183040" level="WARN">Retrying (Retry(total=1, connect=None, read=None, redirect=None, status=None)) after connection broken by 'NewConnectionError('&lt;urllib3.connection.HTTPConnection object at 0x000001BF471D4B00&gt;: Failed to establish a new connection: [WinError 10061] No connection could be made because the target machine actively refused it')': /session</msg>
<msg time="2024-10-17T12:17:01.230212" level="WARN">Retrying (Retry(total=0, connect=None, read=None, redirect=None, status=None)) after connection broken by 'NewConnectionError('&lt;urllib3.connection.HTTPConnection object at 0x000001BF471D4980&gt;: Failed to establish a new connection: [WinError 10061] No connection could be made because the target machine actively refused it')': /session</msg>
<msg time="2024-10-17T12:17:03.277100" level="WARN">Keyword 'AppiumLibrary.CapturePageScreenshot' could not be run on failure: No application is open</msg>
<msg time="2024-10-17T12:17:03.296152" level="WARN">Keyword 'AppiumLibrary.CapturePageScreenshot' could not be run on failure: No application is open</msg>
<msg time="2024-10-17T12:17:05.379566" level="WARN">Retrying (Retry(total=2, connect=None, read=None, redirect=None, status=None)) after connection broken by 'NewConnectionError('&lt;urllib3.connection.HTTPConnection object at 0x000001BF471D7B90&gt;: Failed to establish a new connection: [WinError 10061] No connection could be made because the target machine actively refused it')': /session</msg>
<msg time="2024-10-17T12:17:07.415612" level="WARN">Retrying (Retry(total=1, connect=None, read=None, redirect=None, status=None)) after connection broken by 'NewConnectionError('&lt;urllib3.connection.HTTPConnection object at 0x000001BF471D7F20&gt;: Failed to establish a new connection: [WinError 10061] No connection could be made because the target machine actively refused it')': /session</msg>
<msg time="2024-10-17T12:17:09.463317" level="WARN">Retrying (Retry(total=0, connect=None, read=None, redirect=None, status=None)) after connection broken by 'NewConnectionError('&lt;urllib3.connection.HTTPConnection object at 0x000001BF471D7D70&gt;: Failed to establish a new connection: [WinError 10061] No connection could be made because the target machine actively refused it')': /session</msg>
<msg time="2024-10-17T12:17:11.534118" level="WARN">Keyword 'AppiumLibrary.CapturePageScreenshot' could not be run on failure: No application is open</msg>
<msg time="2024-10-17T12:17:13.729357" level="WARN">Retrying (Retry(total=2, connect=None, read=None, redirect=None, status=None)) after connection broken by 'NewConnectionError('&lt;urllib3.connection.HTTPConnection object at 0x000001BF471D5640&gt;: Failed to establish a new connection: [WinError 10061] No connection could be made because the target machine actively refused it')': /session</msg>
<msg time="2024-10-17T12:17:15.762868" level="WARN">Retrying (Retry(total=1, connect=None, read=None, redirect=None, status=None)) after connection broken by 'NewConnectionError('&lt;urllib3.connection.HTTPConnection object at 0x000001BF47016EA0&gt;: Failed to establish a new connection: [WinError 10061] No connection could be made because the target machine actively refused it')': /session</msg>
<msg time="2024-10-17T12:17:17.791591" level="WARN">Retrying (Retry(total=0, connect=None, read=None, redirect=None, status=None)) after connection broken by 'NewConnectionError('&lt;urllib3.connection.HTTPConnection object at 0x000001BF470168D0&gt;: Failed to establish a new connection: [WinError 10061] No connection could be made because the target machine actively refused it')': /session</msg>
<msg time="2024-10-17T12:17:19.841540" level="WARN">Keyword 'AppiumLibrary.CapturePageScreenshot' could not be run on failure: No application is open</msg>
<msg time="2024-10-17T12:17:21.956998" level="WARN">Retrying (Retry(total=2, connect=None, read=None, redirect=None, status=None)) after connection broken by 'NewConnectionError('&lt;urllib3.connection.HTTPConnection object at 0x000001BF471FC710&gt;: Failed to establish a new connection: [WinError 10061] No connection could be made because the target machine actively refused it')': /session</msg>
<msg time="2024-10-17T12:17:24.012995" level="WARN">Retrying (Retry(total=1, connect=None, read=None, redirect=None, status=None)) after connection broken by 'NewConnectionError('&lt;urllib3.connection.HTTPConnection object at 0x000001BF471FC470&gt;: Failed to establish a new connection: [WinError 10061] No connection could be made because the target machine actively refused it')': /session</msg>
<msg time="2024-10-17T12:17:26.054377" level="WARN">Retrying (Retry(total=0, connect=None, read=None, redirect=None, status=None)) after connection broken by 'NewConnectionError('&lt;urllib3.connection.HTTPConnection object at 0x000001BF471FFB60&gt;: Failed to establish a new connection: [WinError 10061] No connection could be made because the target machine actively refused it')': /session</msg>
<msg time="2024-10-17T12:17:28.109652" level="WARN">Keyword 'AppiumLibrary.CapturePageScreenshot' could not be run on failure: No application is open</msg>
<msg time="2024-10-17T12:17:28.143457" level="WARN">Imported library 'C:\Users\Karthikei Ram G U\robot_appium\contact_permission.py' contains no keywords.</msg>
<msg time="2024-10-17T12:17:30.185590" level="WARN">Retrying (Retry(total=2, connect=None, read=None, redirect=None, status=None)) after connection broken by 'NewConnectionError('&lt;urllib3.connection.HTTPConnection object at 0x000001BF4722AF90&gt;: Failed to establish a new connection: [WinError 10061] No connection could be made because the target machine actively refused it')': /session</msg>
<msg time="2024-10-17T12:17:32.216013" level="WARN">Retrying (Retry(total=1, connect=None, read=None, redirect=None, status=None)) after connection broken by 'NewConnectionError('&lt;urllib3.connection.HTTPConnection object at 0x000001BF470168A0&gt;: Failed to establish a new connection: [WinError 10061] No connection could be made because the target machine actively refused it')': /session</msg>
<msg time="2024-10-17T12:17:34.270668" level="WARN">Retrying (Retry(total=0, connect=None, read=None, redirect=None, status=None)) after connection broken by 'NewConnectionError('&lt;urllib3.connection.HTTPConnection object at 0x000001BF471F1A00&gt;: Failed to establish a new connection: [WinError 10061] No connection could be made because the target machine actively refused it')': /session</msg>
<msg time="2024-10-17T12:17:36.308698" level="WARN">Keyword 'AppiumLibrary.CapturePageScreenshot' could not be run on failure: No application is open</msg>
<msg time="2024-10-17T12:17:38.427740" level="WARN">Retrying (Retry(total=2, connect=None, read=None, redirect=None, status=None)) after connection broken by 'NewConnectionError('&lt;urllib3.connection.HTTPConnection object at 0x000001BF471FFE60&gt;: Failed to establish a new connection: [WinError 10061] No connection could be made because the target machine actively refused it')': /session</msg>
<msg time="2024-10-17T12:17:40.447863" level="WARN">Retrying (Retry(total=1, connect=None, read=None, redirect=None, status=None)) after connection broken by 'NewConnectionError('&lt;urllib3.connection.HTTPConnection object at 0x000001BF471D5700&gt;: Failed to establish a new connection: [WinError 10061] No connection could be made because the target machine actively refused it')': /session</msg>
<msg time="2024-10-17T12:17:42.461756" level="WARN">Retrying (Retry(total=0, connect=None, read=None, redirect=None, status=None)) after connection broken by 'NewConnectionError('&lt;urllib3.connection.HTTPConnection object at 0x000001BF47244B90&gt;: Failed to establish a new connection: [WinError 10061] No connection could be made because the target machine actively refused it')': /session</msg>
<msg time="2024-10-17T12:17:44.524380" level="WARN">Keyword 'AppiumLibrary.CapturePageScreenshot' could not be run on failure: No application is open</msg>
</errors>
</robot>
